#
# There is insufficient memory for the Java Runtime Environment to continue.
# Native memory allocation (malloc) failed to allocate 1048576 bytes for AllocateHeap
# Possible reasons:
#   The system is out of physical RAM or swap space
#   The process is running with CompressedOops enabled, and the Java Heap may be blocking the growth of the native heap
# Possible solutions:
#   Reduce memory load on the system
#   Increase physical memory or swap space
#   Check if swap backing store is full
#   Decrease Java heap size (-Xmx/-Xms)
#   Decrease number of Java threads
#   Decrease Java thread stack sizes (-Xss)
#   Set larger code cache with -XX:ReservedCodeCacheSize=
#   JVM is running with Unscaled Compressed Oops mode in which the Java heap is
#     placed in the first 4GB address space. The Java Heap base address is the
#     maximum limit for the native heap growth. Please use -XX:HeapBaseMinAddress
#     to set the Java Heap base and to place the Java Heap above 4GB virtual address.
# This output file may be truncated or incomplete.
#
#  Out of Memory Error (memory/allocation.inline.hpp:61), pid=138164, tid=0x0000000000017a8c
#
# JRE version:  (8.0_241-b07) (build )
# Java VM: Java HotSpot(TM) 64-Bit Server VM (25.241-b07 mixed mode windows-amd64 compressed oops)
# Failed to write core dump. Minidumps are not enabled by default on client versions of Windows
#

---------------  T H R E A D  ---------------

Current thread (0x0000000002f2e800):  JavaThread "Unknown thread" [_thread_in_vm, id=96908, stack(0x0000000002da0000,0x0000000002ea0000)]

Stack: [0x0000000002da0000,0x0000000002ea0000]
[error occurred during error reporting (printing stack bounds), id 0xc0000005]

Native frames: (J=compiled Java code, j=interpreted, Vv=VM code, C=native code)


---------------  P R O C E S S  ---------------

Java Threads: ( => current thread )

Other Threads:

=>0x0000000002f2e800 (exited) JavaThread "Unknown thread" [_thread_in_vm, id=96908, stack(0x0000000002da0000,0x0000000002ea0000)]

VM state:not at safepoint (normal execution)

VM Mutex/Monitor currently owned by a thread: None

heap address: 0x00000000fc000000, size: 64 MB, Compressed Oops mode: 32-bit
Narrow klass base: 0x0000000000000000, Narrow klass shift: 3
Compressed class space size: 1073741824 Address: 0x0000000100000000

Heap:
 PSYoungGen      total 18944K, used 327K [0x00000000feb00000, 0x0000000100000000, 0x0000000100000000)
  eden space 16384K, 2% used [0x00000000feb00000,0x00000000feb51ec8,0x00000000ffb00000)
  from space 2560K, 0% used [0x00000000ffd80000,0x00000000ffd80000,0x0000000100000000)
  to   space 2560K, 0% used [0x00000000ffb00000,0x00000000ffb00000,0x00000000ffd80000)
 ParOldGen       total 44032K, used 0K [0x00000000fc000000, 0x00000000feb00000, 0x00000000feb00000)
  object space 44032K, 0% used [0x00000000fc000000,0x00000000fc000000,0x00000000feb00000)
 Metaspace       used 776K, capacity 4480K, committed 4480K, reserved 1056768K
  class space    used 76K, capacity 384K, committed 384K, reserved 1048576K

Card table byte_map: [0x0000000001570000,0x00000000015a0000] byte_map_base: 0x0000000000d90000

Marking Bits: (ParMarkBitMap*) 0x00000000657abe30
 Begin Bits: [0x0000000012c20000, 0x0000000012d20000)
 End Bits:   [0x0000000012d20000, 0x0000000012e20000)

Polling page: 0x0000000001540000

CodeCache: size=245760Kb used=328Kb max_used=328Kb free=245431Kb
 bounds [0x0000000003060000, 0x00000000032d0000, 0x0000000012060000]
 total_blobs=58 nmethods=0 adapters=38
 compilation: enabled

Compilation events (0 events):
No events

GC Heap History (0 events):
No events

Deoptimization events (0 events):
No events

Classes redefined (0 events):
No events

Internal exceptions (0 events):
No events

Events (10 events):
Event: 0.020 loading class java/lang/Short
Event: 0.020 loading class java/lang/Short done
Event: 0.020 loading class java/lang/Integer
Event: 0.020 loading class java/lang/Integer done
Event: 0.020 loading class java/lang/Long
Event: 0.020 loading class java/lang/Long done
Event: 0.020 loading class java/lang/NullPointerException
Event: 0.020 loading class java/lang/NullPointerException done
Event: 0.020 loading class java/lang/ArithmeticException
Event: 0.020 loading class java/lang/ArithmeticException done


Dynamic libraries:
0x00007ff610e20000 - 0x00007ff610e57000 	C:\Program Files\Java\jdk1.8.0_241\bin\java.exe
0x00007ff9672c0000 - 0x00007ff9674b0000 	C:\Windows\SYSTEM32\ntdll.dll
0x00007ff9661c0000 - 0x00007ff966272000 	C:\Windows\System32\KERNEL32.DLL
0x00007ff964e50000 - 0x00007ff9650f3000 	C:\Windows\System32\KERNELBASE.dll
0x00007ff9666d0000 - 0x00007ff966773000 	C:\Windows\System32\ADVAPI32.dll
0x00007ff966780000 - 0x00007ff96681e000 	C:\Windows\System32\msvcrt.dll
0x00007ff967010000 - 0x00007ff9670a7000 	C:\Windows\System32\sechost.dll
0x00007ff9670d0000 - 0x00007ff9671f0000 	C:\Windows\System32\RPCRT4.dll
0x00007ff966e70000 - 0x00007ff967004000 	C:\Windows\System32\USER32.dll
0x00007ff965150000 - 0x00007ff965171000 	C:\Windows\System32\win32u.dll
0x00007ff965c80000 - 0x00007ff965ca6000 	C:\Windows\System32\GDI32.dll
0x00007ff964300000 - 0x00007ff964494000 	C:\Windows\System32\gdi32full.dll
0x00007ff965180000 - 0x00007ff96521e000 	C:\Windows\System32\msvcp_win.dll
0x00007ff964ca0000 - 0x00007ff964d9a000 	C:\Windows\System32\ucrtbase.dll
0x00007ff9507b0000 - 0x00007ff950a35000 	C:\Windows\WinSxS\amd64_microsoft.windows.common-controls_6595b64144ccf1df_6.0.18362.720_none_e6beb5c51314836b\COMCTL32.dll
0x00007ff966280000 - 0x00007ff9665b6000 	C:\Windows\System32\combase.dll
0x00007ff964dd0000 - 0x00007ff964e50000 	C:\Windows\System32\bcryptPrimitives.dll
0x00007ff967250000 - 0x00007ff96727e000 	C:\Windows\System32\IMM32.DLL
0x00000000689a0000 - 0x0000000068a72000 	C:\Program Files\Java\jdk1.8.0_241\jre\bin\msvcr100.dll
0x0000000064f80000 - 0x000000006582c000 	C:\Program Files\Java\jdk1.8.0_241\jre\bin\server\jvm.dll
0x00007ff9666b0000 - 0x00007ff9666b8000 	C:\Windows\System32\PSAPI.DLL
0x00007ff961ab0000 - 0x00007ff961ad4000 	C:\Windows\SYSTEM32\WINMM.dll
0x00007ff95cf90000 - 0x00007ff95cf9a000 	C:\Windows\SYSTEM32\VERSION.dll
0x00007ff9604a0000 - 0x00007ff9604a9000 	C:\Windows\SYSTEM32\WSOCK32.dll
0x00007ff966640000 - 0x00007ff9666af000 	C:\Windows\System32\WS2_32.dll
0x00007ff961a80000 - 0x00007ff961aad000 	C:\Windows\SYSTEM32\WINMMBASE.dll
0x00007ff965100000 - 0x00007ff96514a000 	C:\Windows\System32\cfgmgr32.dll
0x00007ff961c50000 - 0x00007ff961c5f000 	C:\Program Files\Java\jdk1.8.0_241\jre\bin\verify.dll
0x00007ff947360000 - 0x00007ff947389000 	C:\Program Files\Java\jdk1.8.0_241\jre\bin\java.dll
0x00007ff960070000 - 0x00007ff960086000 	C:\Program Files\Java\jdk1.8.0_241\jre\bin\zip.dll

VM Arguments:
jvm_args: -Xmx64m -Xms64m -Dorg.gradle.appname=gradle 
java_command: org.gradle.launcher.GradleMain clean build
java_class_path (initial): C:\Gradle\gradle-6.3\lib\gradle-launcher-6.3.jar
Launcher Type: SUN_STANDARD

Environment Variables:
JAVA_HOME=C:\Program Files\Java\jdk1.8.0_241
CLASSPATH=C:\Gradle\gradle-6.3\lib\gradle-launcher-6.3.jar
PATH=C:\Program Files (x86)\Common Files\Oracle\Java\javapath;C:\Windows\system32;C:\Windows;C:\Windows\System32\Wbem;C:\Windows\System32\WindowsPowerShell\v1.0\;C:\Windows\System32\OpenSSH\;C:\Program Files (x86)\NVIDIA Corporation\PhysX\Common;C:\Program Files\NVIDIA Corporation\NVIDIA NvDLISR;C:\Program Files\nodejs\;C:\Users\AUCHAN\AppData\Local\Android\Sdk\platform-tools;C:\Program Files\Java\jdk1.8.0_241\bin\javac.exe;C:\Gradle\gradle-6.3\bin;C:\Program Files\Microsoft VS Code\bin;C:\Program Files\Git\cmd;C:\Users\AUCHAN\AppData\Local\Microsoft\WindowsApps;C:\Users\AUCHAN\AppData\Roaming\npm;C:\Users\AUCHAN\AppData\Local\Android\Sdk;C:\Program Files\Java\jdk1.8.0_241\bin;C:\Users\AUCHAN\AppData\Local\atom\bin
USERNAME=AUCHAN
OS=Windows_NT
PROCESSOR_IDENTIFIER=Intel64 Family 6 Model 158 Stepping 10, GenuineIntel



---------------  S Y S T E M  ---------------

OS: Windows 10.0 , 64 bit Build 18362 (10.0.18362.329)

CPU:total 8 (initial active 8) (4 cores per cpu, 2 threads per core) family 6 model 158 stepping 10, cmov, cx8, fxsr, mmx, sse, sse2, sse3, ssse3, sse4.1, sse4.2, popcnt, avx, avx2, aes, clmul, erms, 3dnowpref, lzcnt, ht, tsc, tscinvbit, bmi1, bmi2, adx

Memory: 4k page, physical 8265972k(578096k free), swap 23731824k(4812k free)

vm_info: Java HotSpot(TM) 64-Bit Server VM (25.241-b07) for windows-amd64 JRE (1.8.0_241-b07), built on Dec 11 2019 10:21:40 by "rejava" with MS VC++ 10.0 (VS2010)

time: Thu Apr 16 10:15:44 2020
timezone: Romance Summer Time
elapsed time: 0 seconds (0d 0h 0m 0s)

