#
# There is insufficient memory for the Java Runtime Environment to continue.
# Native memory allocation (malloc) failed to allocate 945776 bytes for Chunk::new
# Possible reasons:
#   The system is out of physical RAM or swap space
#   The process is running with CompressedOops enabled, and the Java Heap may be blocking the growth of the native heap
# Possible solutions:
#   Reduce memory load on the system
#   Increase physical memory or swap space
#   Check if swap backing store is full
#   Decrease Java heap size (-Xmx/-Xms)
#   Decrease number of Java threads
#   Decrease Java thread stack sizes (-Xss)
#   Set larger code cache with -XX:ReservedCodeCacheSize=
#   JVM is running with Unscaled Compressed Oops mode in which the Java heap is
#     placed in the first 4GB address space. The Java Heap base address is the
#     maximum limit for the native heap growth. Please use -XX:HeapBaseMinAddress
#     to set the Java Heap base and to place the Java Heap above 4GB virtual address.
# This output file may be truncated or incomplete.
#
#  Out of Memory Error (allocation.cpp:389), pid=123308, tid=0x0000000000002d80
#
# JRE version: Java(TM) SE Runtime Environment (8.0_241-b07) (build 1.8.0_241-b07)
# Java VM: Java HotSpot(TM) 64-Bit Server VM (25.241-b07 mixed mode windows-amd64 compressed oops)
# Failed to write core dump. Minidumps are not enabled by default on client versions of Windows
#

---------------  T H R E A D  ---------------

Current thread (0x0000000016628800):  JavaThread "C2 CompilerThread1" daemon [_thread_in_native, id=11648, stack(0x0000000016ff0000,0x00000000170f0000)]

Stack: [0x0000000016ff0000,0x00000000170f0000]
[error occurred during error reporting (printing stack bounds), id 0xc0000005]

Native frames: (J=compiled Java code, j=interpreted, Vv=VM code, C=native code)


Current CompileTask:
C2:  32900 17919       4       com.android.tools.r8.ir.conversion.JarSourceCode::build (293 bytes)


---------------  P R O C E S S  ---------------

Java Threads: ( => current thread )
  0x000000001eb6c000 JavaThread "ForkJoinPool.commonPool-worker-0" daemon [_thread_in_Java, id=138052, stack(0x00000000271f0000,0x00000000272f0000)]
  0x000000001eb64000 JavaThread "stdout" daemon [_thread_in_native, id=130552, stack(0x00000000282f0000,0x00000000283f0000)]
  0x000000001eb6a800 JavaThread "stderr" daemon [_thread_in_native, id=135740, stack(0x00000000281f0000,0x00000000282f0000)]
  0x000000001eb6a000 JavaThread "stdout" daemon [_thread_in_native, id=34696, stack(0x00000000280f0000,0x00000000281f0000)]
  0x000000001eb69000 JavaThread "stderr" daemon [_thread_in_native, id=135784, stack(0x0000000027ff0000,0x00000000280f0000)]
  0x000000001eb68800 JavaThread "stdout" daemon [_thread_in_native, id=129088, stack(0x0000000027ef0000,0x0000000027ff0000)]
  0x000000001eb67000 JavaThread "stderr" daemon [_thread_in_native, id=103744, stack(0x0000000027df0000,0x0000000027ef0000)]
  0x000000001eb61000 JavaThread "stdout" daemon [_thread_in_native, id=122964, stack(0x0000000027cf0000,0x0000000027df0000)]
  0x000000001eb66000 JavaThread "stderr" daemon [_thread_in_native, id=136696, stack(0x0000000027bf0000,0x0000000027cf0000)]
  0x000000001eb62800 JavaThread "stdout" daemon [_thread_in_native, id=140932, stack(0x0000000027af0000,0x0000000027bf0000)]
  0x000000001eb63000 JavaThread "stderr" daemon [_thread_in_native, id=126600, stack(0x00000000279f0000,0x0000000027af0000)]
  0x000000001eb65800 JavaThread "stdout" daemon [_thread_in_native, id=91972, stack(0x00000000278f0000,0x00000000279f0000)]
  0x000000001eb64800 JavaThread "stderr" daemon [_thread_in_native, id=116476, stack(0x00000000277f0000,0x00000000278f0000)]
  0x000000001eb61800 JavaThread "stdout" daemon [_thread_in_native, id=142536, stack(0x00000000276f0000,0x00000000277f0000)]
  0x000000001eb67800 JavaThread "stderr" daemon [_thread_in_native, id=141252, stack(0x00000000275f0000,0x00000000276f0000)]
  0x000000001dd61800 JavaThread "pool-2-thread-1" [_thread_blocked, id=136704, stack(0x00000000274f0000,0x00000000275f0000)]
  0x000000001dd64800 JavaThread "ForkJoinPool.commonPool-worker-6" daemon [_thread_in_Java, id=96856, stack(0x00000000270f0000,0x00000000271f0000)]
  0x000000001dd62000 JavaThread "ForkJoinPool.commonPool-worker-5" daemon [_thread_blocked, id=86640, stack(0x0000000026ff0000,0x00000000270f0000)]
  0x000000001dd60800 JavaThread "ForkJoinPool.commonPool-worker-4" daemon [_thread_in_Java, id=121156, stack(0x0000000026ef0000,0x0000000026ff0000)]
  0x000000001dd66800 JavaThread "ForkJoinPool.commonPool-worker-3" daemon [_thread_blocked, id=116992, stack(0x0000000026df0000,0x0000000026ef0000)]
  0x000000001dd63800 JavaThread "ForkJoinPool.commonPool-worker-2" daemon [_thread_in_native, id=129372, stack(0x0000000026be0000,0x0000000026ce0000)]
  0x000000001dd63000 JavaThread "ForkJoinPool.commonPool-worker-1" daemon [_thread_in_Java, id=142196, stack(0x0000000026cf0000,0x0000000026df0000)]
  0x000000001dd5e800 JavaThread "Cache worker for Java compile cache (C:\Users\AUCHAN\Desktop\tageblattapp\android\.gradle\6.0.1\javaCompile)" [_thread_blocked, id=116012, stack(0x00000000264e0000,0x00000000265e0000)]
  0x000000001dd5c000 JavaThread "Cache worker for Java compile cache (C:\Users\AUCHAN\.gradle\caches\6.0.1\javaCompile)" [_thread_blocked, id=140408, stack(0x00000000263e0000,0x00000000264e0000)]
  0x000000001dd5a000 JavaThread "Cache worker for execution history cache (C:\Users\AUCHAN\Desktop\tageblattapp\android\.gradle\6.0.1\executionHistory)" [_thread_blocked, id=101472, stack(0x0000000025ee0000,0x0000000025fe0000)]
  0x000000001dd59000 JavaThread "Execution worker for ':' Thread 7" [_thread_blocked, id=81200, stack(0x0000000025ce0000,0x0000000025de0000)]
  0x000000001dd5b800 JavaThread "Execution worker for ':' Thread 6" [_thread_blocked, id=128584, stack(0x0000000025be0000,0x0000000025ce0000)]
  0x0000000018f42000 JavaThread "Execution worker for ':' Thread 5" [_thread_blocked, id=127576, stack(0x0000000025ae0000,0x0000000025be0000)]
  0x000000001699b800 JavaThread "Execution worker for ':' Thread 4" [_thread_blocked, id=41412, stack(0x00000000259e0000,0x0000000025ae0000)]
  0x0000000016999800 JavaThread "Execution worker for ':' Thread 3" [_thread_blocked, id=100088, stack(0x00000000258e0000,0x00000000259e0000)]
  0x0000000016998800 JavaThread "Execution worker for ':' Thread 2" [_thread_blocked, id=131816, stack(0x00000000257e0000,0x00000000258e0000)]
  0x0000000016998000 JavaThread "Execution worker for ':'" [_thread_blocked, id=140432, stack(0x00000000256e0000,0x00000000257e0000)]
  0x0000000016995800 JavaThread "Cache worker for file content cache (C:\Users\AUCHAN\Desktop\tageblattapp\android\.gradle\6.0.1\fileContent)" [_thread_blocked, id=141708, stack(0x0000000022fc0000,0x00000000230c0000)]
  0x000000001698d800 JavaThread "Cache worker for file content cache (C:\Users\AUCHAN\.gradle\caches\6.0.1\fileContent)" [_thread_blocked, id=142816, stack(0x0000000022680000,0x0000000022780000)]
  0x0000000016997000 JavaThread "Memory manager" [_thread_blocked, id=50388, stack(0x0000000020b90000,0x0000000020c90000)]
  0x0000000016995000 JavaThread "Cache worker for Build Output Cleanup Cache (C:\Users\AUCHAN\Desktop\tageblattapp\android\.gradle\buildOutputCleanup)" [_thread_blocked, id=54944, stack(0x0000000020460000,0x0000000020560000)]
  0x0000000016993800 JavaThread "Build operations Thread 8" [_thread_blocked, id=104436, stack(0x0000000020160000,0x0000000020260000)]
  0x0000000016992800 JavaThread "Build operations Thread 7" [_thread_blocked, id=35772, stack(0x0000000020060000,0x0000000020160000)]
  0x0000000016992000 JavaThread "Build operations Thread 6" [_thread_blocked, id=121504, stack(0x000000001ff60000,0x0000000020060000)]
  0x0000000016991000 JavaThread "Build operations Thread 5" [_thread_blocked, id=106468, stack(0x000000001fe60000,0x000000001ff60000)]
  0x0000000016990800 JavaThread "Build operations Thread 4" [_thread_blocked, id=138216, stack(0x000000001fd60000,0x000000001fe60000)]
  0x000000001698f800 JavaThread "Build operations Thread 3" [_thread_blocked, id=135504, stack(0x000000001fc60000,0x000000001fd60000)]
  0x0000000016994000 JavaThread "Build operations Thread 2" [_thread_blocked, id=134932, stack(0x000000001fb60000,0x000000001fc60000)]
  0x000000001698f000 JavaThread "Build operations" [_thread_blocked, id=115720, stack(0x000000001f910000,0x000000001fa10000)]
  0x0000000018f46800 JavaThread "Cache worker for execution history cache (C:\Users\AUCHAN\.gradle\caches\6.0.1\executionHistory)" [_thread_blocked, id=108888, stack(0x000000001fa60000,0x000000001fb60000)]
  0x0000000018f45000 JavaThread "Cache worker for cache directory md-rule (C:\Users\AUCHAN\.gradle\caches\6.0.1\md-rule)" [_thread_blocked, id=100572, stack(0x000000001db60000,0x000000001dc60000)]
  0x0000000018f44000 JavaThread "Cache worker for cache directory md-supplier (C:\Users\AUCHAN\.gradle\caches\6.0.1\md-supplier)" [_thread_blocked, id=101784, stack(0x000000001d6b0000,0x000000001d7b0000)]
  0x0000000018f48800 JavaThread "Cache worker for file hash cache (C:\Users\AUCHAN\Desktop\tageblattapp\android\.gradle\6.0.1\fileHashes)" [_thread_blocked, id=121168, stack(0x000000001da60000,0x000000001db60000)]
  0x0000000018f45800 JavaThread "Cache worker for journal cache (C:\Users\AUCHAN\.gradle\caches\journal-1)" [_thread_blocked, id=82620, stack(0x000000001b210000,0x000000001b310000)]
  0x0000000018f48000 JavaThread "File lock request listener" [_thread_in_native, id=52640, stack(0x000000001b110000,0x000000001b210000)]
  0x0000000018f47000 JavaThread "Cache worker for file hash cache (C:\Users\AUCHAN\.gradle\caches\6.0.1\fileHashes)" [_thread_blocked, id=143372, stack(0x000000001b010000,0x000000001b110000)]
  0x0000000019153000 JavaThread "Thread-9" [_thread_blocked, id=89052, stack(0x000000001af10000,0x000000001b010000)]
  0x00000000190b9000 JavaThread "Stdin handler" [_thread_blocked, id=133136, stack(0x000000001ad10000,0x000000001ae10000)]
  0x000000001908c800 JavaThread "Asynchronous log dispatcher for DefaultDaemonConnection: socket connection from /127.0.0.1:53931 to /127.0.0.1:53932" [_thread_blocked, id=84168, stack(0x000000001ac10000,0x000000001ad10000)]
  0x00000000190a6000 JavaThread "Daemon worker" [_thread_blocked, id=143136, stack(0x000000001a910000,0x000000001aa10000)]
  0x000000001908a000 JavaThread "Cancel handler" [_thread_blocked, id=95992, stack(0x000000001a810000,0x000000001a910000)]
  0x0000000019085800 JavaThread "Handler for socket connection from /127.0.0.1:53931 to /127.0.0.1:53932" [_thread_in_native, id=87668, stack(0x000000001a710000,0x000000001a810000)]
  0x000000001907f800 JavaThread "Daemon" [_thread_blocked, id=122416, stack(0x000000001a610000,0x000000001a710000)]
  0x0000000019020000 JavaThread "Daemon periodic checks" [_thread_blocked, id=119172, stack(0x000000001a510000,0x000000001a610000)]
  0x000000001901b000 JavaThread "Incoming local TCP Connector on port 53931" [_thread_in_native, id=129748, stack(0x000000001a2d0000,0x000000001a3d0000)]
  0x0000000018f17800 JavaThread "Daemon health stats" [_thread_blocked, id=117332, stack(0x0000000019c90000,0x0000000019d90000)]
  0x00000000166b9000 JavaThread "Service Thread" daemon [_thread_blocked, id=110888, stack(0x00000000172f0000,0x00000000173f0000)]
  0x0000000016632000 JavaThread "C1 CompilerThread3" daemon [_thread_blocked, id=83212, stack(0x00000000171f0000,0x00000000172f0000)]
  0x000000001662c800 JavaThread "C2 CompilerThread2" daemon [_thread_in_native, id=110504, stack(0x00000000170f0000,0x00000000171f0000)]
=>0x0000000016628800 JavaThread "C2 CompilerThread1" daemon [_thread_in_native, id=11648, stack(0x0000000016ff0000,0x00000000170f0000)]
  0x0000000016625800 JavaThread "C2 CompilerThread0" daemon [_thread_in_vm, id=126520, stack(0x0000000016ef0000,0x0000000016ff0000)]
  0x0000000016623800 JavaThread "Attach Listener" daemon [_thread_blocked, id=122208, stack(0x0000000016df0000,0x0000000016ef0000)]
  0x000000001483e800 JavaThread "Signal Dispatcher" daemon [_thread_blocked, id=73100, stack(0x0000000016cf0000,0x0000000016df0000)]
  0x0000000002fba800 JavaThread "Finalizer" daemon [_thread_blocked, id=141372, stack(0x0000000016af0000,0x0000000016bf0000)]
  0x0000000016610800 JavaThread "Reference Handler" daemon [_thread_blocked, id=105740, stack(0x00000000169f0000,0x0000000016af0000)]
  0x0000000002ec2800 JavaThread "main" [_thread_blocked, id=144244, stack(0x0000000002dc0000,0x0000000002ec0000)]

Other Threads:
  0x000000001482a000 VMThread [stack: 0x00000000164f0000,0x00000000165f0000] [id=114252]
  0x00000000166db000 WatcherThread [stack: 0x00000000173f0000,0x00000000174f0000] [id=121012]

VM state:not at safepoint (normal execution)

VM Mutex/Monitor currently owned by a thread: None

heap address: 0x00000000e0000000, size: 512 MB, Compressed Oops mode: 32-bit
Narrow klass base: 0x0000000000000000, Narrow klass shift: 3
Compressed class space size: 1073741824 Address: 0x0000000100000000

Heap:
 PSYoungGen      total 63488K, used 52936K [0x00000000f5580000, 0x00000000ffe00000, 0x0000000100000000)
  eden space 58880K, 82% used [0x00000000f5580000,0x00000000f84e6518,0x00000000f8f00000)
  from space 4608K, 95% used [0x00000000f8f00000,0x00000000f934bba8,0x00000000f9380000)
  to   space 56832K, 0% used [0x00000000fc680000,0x00000000fc680000,0x00000000ffe00000)
 ParOldGen       total 349696K, used 110372K [0x00000000e0000000, 0x00000000f5580000, 0x00000000f5580000)
  object space 349696K, 31% used [0x00000000e0000000,0x00000000e6bc93f0,0x00000000f5580000)
 Metaspace       used 93955K, capacity 98960K, committed 100224K, reserved 1136640K
  class space    used 12528K, capacity 13572K, committed 13952K, reserved 1048576K

Card table byte_map: [0x0000000012380000,0x0000000012490000] byte_map_base: 0x0000000011c80000

Marking Bits: (ParMarkBitMap*) 0x00000000657abe30
 Begin Bits: [0x0000000012d40000, 0x0000000013540000)
 End Bits:   [0x0000000013540000, 0x0000000013d40000)

Polling page: 0x0000000001530000

CodeCache: size=245760Kb used=50972Kb max_used=50985Kb free=194787Kb
 bounds [0x0000000002fc0000, 0x00000000061c0000, 0x0000000011fc0000]
 total_blobs=15978 nmethods=15078 adapters=810
 compilation: enabled

Compilation events (10 events):
Event: 32.857 Thread 0x0000000016632000 nmethod 18159 0x00000000061b8750 code [0x00000000061b88e0, 0x00000000061b8d88]
Event: 32.857 Thread 0x0000000016632000 18163       3       com.android.tools.r8.graph.DexItem::collectAll (11 bytes)
Event: 32.857 Thread 0x0000000016632000 nmethod 18163 0x00000000061b8f90 code [0x00000000061b9140, 0x00000000061b9688]
Event: 32.857 Thread 0x0000000016632000 18105       3       com.android.tools.r8.ir.conversion.DexBuilder::requestOutgoingRegisters (14 bytes)
Event: 32.857 Thread 0x0000000016632000 nmethod 18105 0x000000000610aa90 code [0x000000000610abe0, 0x000000000610ad70]
Event: 32.857 Thread 0x0000000016632000 18127       3       com.android.tools.r8.code.Format35c::hashCode (63 bytes)
Event: 32.858 Thread 0x0000000016632000 nmethod 18127 0x00000000061b9950 code [0x00000000061b9ae0, 0x00000000061ba018]
Event: 32.858 Thread 0x0000000016632000 18175       3       com.android.tools.r8.ir.conversion.IRBuilder::ensureSuccessorBlock (72 bytes)
Event: 32.895 Thread 0x0000000016625800 nmethod 18173 0x00000000061bd510 code [0x00000000061bd660, 0x00000000061bddf8]
Event: 32.895 Thread 0x0000000016625800 18037       4       com.android.tools.r8.ir.conversion.JarSourceCode::traceInstruction (266 bytes)

GC Heap History (10 events):
Event: 29.954 GC heap before
{Heap before GC invocations=29 (full 3):
 PSYoungGen      total 116736K, used 70282K [0x00000000f5580000, 0x0000000100000000, 0x0000000100000000)
  eden space 58880K, 100% used [0x00000000f5580000,0x00000000f8f00000,0x00000000f8f00000)
  from space 57856K, 19% used [0x00000000f8f00000,0x00000000f9a22930,0x00000000fc780000)
  to   space 57856K, 0% used [0x00000000fc780000,0x00000000fc780000,0x0000000100000000)
 ParOldGen       total 282112K, used 172876K [0x00000000e0000000, 0x00000000f1380000, 0x00000000f5580000)
  object space 282112K, 61% used [0x00000000e0000000,0x00000000ea8d3180,0x00000000f1380000)
 Metaspace       used 85035K, capacity 89774K, committed 89856K, reserved 1126400K
  class space    used 11457K, capacity 12473K, committed 12544K, reserved 1048576K
Event: 29.975 GC heap after
Heap after GC invocations=29 (full 3):
 PSYoungGen      total 116736K, used 7602K [0x00000000f5580000, 0x0000000100000000, 0x0000000100000000)
  eden space 58880K, 0% used [0x00000000f5580000,0x00000000f5580000,0x00000000f8f00000)
  from space 57856K, 13% used [0x00000000fc780000,0x00000000fceecac8,0x0000000100000000)
  to   space 57856K, 0% used [0x00000000f8f00000,0x00000000f8f00000,0x00000000fc780000)
 ParOldGen       total 282112K, used 175347K [0x00000000e0000000, 0x00000000f1380000, 0x00000000f5580000)
  object space 282112K, 62% used [0x00000000e0000000,0x00000000eab3cd98,0x00000000f1380000)
 Metaspace       used 85035K, capacity 89774K, committed 89856K, reserved 1126400K
  class space    used 11457K, capacity 12473K, committed 12544K, reserved 1048576K
}
Event: 31.182 GC heap before
{Heap before GC invocations=30 (full 3):
 PSYoungGen      total 116736K, used 66463K [0x00000000f5580000, 0x0000000100000000, 0x0000000100000000)
  eden space 58880K, 99% used [0x00000000f5580000,0x00000000f8efb3e8,0x00000000f8f00000)
  from space 57856K, 13% used [0x00000000fc780000,0x00000000fceecac8,0x0000000100000000)
  to   space 57856K, 0% used [0x00000000f8f00000,0x00000000f8f00000,0x00000000fc780000)
 ParOldGen       total 282112K, used 175347K [0x00000000e0000000, 0x00000000f1380000, 0x00000000f5580000)
  object space 282112K, 62% used [0x00000000e0000000,0x00000000eab3cd98,0x00000000f1380000)
 Metaspace       used 92049K, capacity 97526K, committed 97664K, reserved 1132544K
  class space    used 12507K, capacity 13663K, committed 13696K, reserved 1048576K
Event: 31.191 GC heap after
Heap after GC invocations=30 (full 3):
 PSYoungGen      total 116736K, used 10979K [0x00000000f5580000, 0x0000000100000000, 0x0000000100000000)
  eden space 58880K, 0% used [0x00000000f5580000,0x00000000f5580000,0x00000000f8f00000)
  from space 57856K, 18% used [0x00000000f8f00000,0x00000000f99b8e80,0x00000000fc780000)
  to   space 57856K, 0% used [0x00000000fc780000,0x00000000fc780000,0x0000000100000000)
 ParOldGen       total 282112K, used 179327K [0x00000000e0000000, 0x00000000f1380000, 0x00000000f5580000)
  object space 282112K, 63% used [0x00000000e0000000,0x00000000eaf1fe18,0x00000000f1380000)
 Metaspace       used 92049K, capacity 97526K, committed 97664K, reserved 1132544K
  class space    used 12507K, capacity 13663K, committed 13696K, reserved 1048576K
}
Event: 31.256 GC heap before
{Heap before GC invocations=31 (full 3):
 PSYoungGen      total 116736K, used 23287K [0x00000000f5580000, 0x0000000100000000, 0x0000000100000000)
  eden space 58880K, 20% used [0x00000000f5580000,0x00000000f6184dd8,0x00000000f8f00000)
  from space 57856K, 18% used [0x00000000f8f00000,0x00000000f99b8e80,0x00000000fc780000)
  to   space 57856K, 0% used [0x00000000fc780000,0x00000000fc780000,0x0000000100000000)
 ParOldGen       total 282112K, used 179327K [0x00000000e0000000, 0x00000000f1380000, 0x00000000f5580000)
  object space 282112K, 63% used [0x00000000e0000000,0x00000000eaf1fe18,0x00000000f1380000)
 Metaspace       used 92893K, capacity 98534K, committed 98560K, reserved 1134592K
  class space    used 12618K, capacity 13799K, committed 13824K, reserved 1048576K
Event: 31.262 GC heap after
Heap after GC invocations=31 (full 3):
 PSYoungGen      total 116736K, used 1529K [0x00000000f5580000, 0x0000000100000000, 0x0000000100000000)
  eden space 58880K, 0% used [0x00000000f5580000,0x00000000f5580000,0x00000000f8f00000)
  from space 57856K, 2% used [0x00000000fc780000,0x00000000fc8fe6e8,0x0000000100000000)
  to   space 57856K, 0% used [0x00000000f8f00000,0x00000000f8f00000,0x00000000fc780000)
 ParOldGen       total 282112K, used 184468K [0x00000000e0000000, 0x00000000f1380000, 0x00000000f5580000)
  object space 282112K, 65% used [0x00000000e0000000,0x00000000eb425398,0x00000000f1380000)
 Metaspace       used 92893K, capacity 98534K, committed 98560K, reserved 1134592K
  class space    used 12618K, capacity 13799K, committed 13824K, reserved 1048576K
}
Event: 31.263 GC heap before
{Heap before GC invocations=32 (full 4):
 PSYoungGen      total 116736K, used 1529K [0x00000000f5580000, 0x0000000100000000, 0x0000000100000000)
  eden space 58880K, 0% used [0x00000000f5580000,0x00000000f5580000,0x00000000f8f00000)
  from space 57856K, 2% used [0x00000000fc780000,0x00000000fc8fe6e8,0x0000000100000000)
  to   space 57856K, 0% used [0x00000000f8f00000,0x00000000f8f00000,0x00000000fc780000)
 ParOldGen       total 282112K, used 184468K [0x00000000e0000000, 0x00000000f1380000, 0x00000000f5580000)
  object space 282112K, 65% used [0x00000000e0000000,0x00000000eb425398,0x00000000f1380000)
 Metaspace       used 92893K, capacity 98534K, committed 98560K, reserved 1134592K
  class space    used 12618K, capacity 13799K, committed 13824K, reserved 1048576K
Event: 32.209 GC heap after
Heap after GC invocations=32 (full 4):
 PSYoungGen      total 116736K, used 0K [0x00000000f5580000, 0x0000000100000000, 0x0000000100000000)
  eden space 58880K, 0% used [0x00000000f5580000,0x00000000f5580000,0x00000000f8f00000)
  from space 57856K, 0% used [0x00000000fc780000,0x00000000fc780000,0x0000000100000000)
  to   space 57856K, 0% used [0x00000000f8f00000,0x00000000f8f00000,0x00000000fc780000)
 ParOldGen       total 349696K, used 110364K [0x00000000e0000000, 0x00000000f5580000, 0x00000000f5580000)
  object space 349696K, 31% used [0x00000000e0000000,0x00000000e6bc73f0,0x00000000f5580000)
 Metaspace       used 92255K, capacity 96950K, committed 98560K, reserved 1134592K
  class space    used 12398K, capacity 13423K, committed 13824K, reserved 1048576K
}
Event: 32.489 GC heap before
{Heap before GC invocations=33 (full 4):
 PSYoungGen      total 116736K, used 58880K [0x00000000f5580000, 0x0000000100000000, 0x0000000100000000)
  eden space 58880K, 100% used [0x00000000f5580000,0x00000000f8f00000,0x00000000f8f00000)
  from space 57856K, 0% used [0x00000000fc780000,0x00000000fc780000,0x0000000100000000)
  to   space 57856K, 0% used [0x00000000f8f00000,0x00000000f8f00000,0x00000000fc780000)
 ParOldGen       total 349696K, used 110364K [0x00000000e0000000, 0x00000000f5580000, 0x00000000f5580000)
  object space 349696K, 31% used [0x00000000e0000000,0x00000000e6bc73f0,0x00000000f5580000)
 Metaspace       used 93544K, capacity 98536K, committed 99712K, reserved 1134592K
  class space    used 12524K, capacity 13568K, committed 13952K, reserved 1048576K
Event: 32.500 GC heap after
Heap after GC invocations=33 (full 4):
 PSYoungGen      total 63488K, used 4398K [0x00000000f5580000, 0x00000000ffe00000, 0x0000000100000000)
  eden space 58880K, 0% used [0x00000000f5580000,0x00000000f5580000,0x00000000f8f00000)
  from space 4608K, 95% used [0x00000000f8f00000,0x00000000f934bba8,0x00000000f9380000)
  to   space 56832K, 0% used [0x00000000fc680000,0x00000000fc680000,0x00000000ffe00000)
 ParOldGen       total 349696K, used 110372K [0x00000000e0000000, 0x00000000f5580000, 0x00000000f5580000)
  object space 349696K, 31% used [0x00000000e0000000,0x00000000e6bc93f0,0x00000000f5580000)
 Metaspace       used 93544K, capacity 98536K, committed 99712K, reserved 1134592K
  class space    used 12524K, capacity 13568K, committed 13952K, reserved 1048576K
}

Deoptimization events (10 events):
Event: 32.505 Thread 0x000000001eb6c000 Uncommon trap: reason=unstable_if action=reinterpret pc=0x0000000003930654 method=java.util.HashMap.getNode(ILjava/lang/Object;)Ljava/util/HashMap$Node; @ 84
Event: 32.505 Thread 0x000000001eb6c000 Uncommon trap: reason=unstable_if action=reinterpret pc=0x000000000398051c method=java.util.HashMap.putVal(ILjava/lang/Object;Ljava/lang/Object;ZZ)Ljava/lang/Object; @ 109
Event: 32.505 Thread 0x000000001eb6c000 Uncommon trap: reason=unstable_if action=reinterpret pc=0x00000000039138ac method=java.util.HashMap.getNode(ILjava/lang/Object;)Ljava/util/HashMap$Node; @ 84
Event: 32.575 Thread 0x000000001dd63000 Uncommon trap: reason=unstable_if action=reinterpret pc=0x0000000003ca6a28 method=java.util.Arrays.equals([Ljava/lang/Object;[Ljava/lang/Object;)Z @ 47
Event: 32.578 Thread 0x000000001dd63000 Uncommon trap: reason=array_check action=maybe_recompile pc=0x00000000060028a0 method=java.util.TimSort.binarySort([Ljava/lang/Object;IIILjava/util/Comparator;)V @ 183
Event: 32.578 Thread 0x000000001dd63000 Uncommon trap: reason=array_check action=maybe_recompile pc=0x00000000060028a0 method=java.util.TimSort.binarySort([Ljava/lang/Object;IIILjava/util/Comparator;)V @ 183
Event: 32.801 Thread 0x000000001dd66800 Uncommon trap: reason=array_check action=maybe_recompile pc=0x00000000060bb1cc method=java.util.TimSort.reverseRange([Ljava/lang/Object;II)V @ 20
Event: 32.801 Thread 0x000000001dd66800 Uncommon trap: reason=array_check action=maybe_recompile pc=0x00000000060bb1cc method=java.util.TimSort.reverseRange([Ljava/lang/Object;II)V @ 20
Event: 32.801 Thread 0x000000001dd66800 Uncommon trap: reason=array_check action=maybe_recompile pc=0x00000000060bb1cc method=java.util.TimSort.reverseRange([Ljava/lang/Object;II)V @ 20
Event: 32.801 Thread 0x000000001dd66800 Uncommon trap: reason=array_check action=maybe_recompile pc=0x00000000060bb1cc method=java.util.TimSort.reverseRange([Ljava/lang/Object;II)V @ 20

Classes redefined (0 events):
No events

Internal exceptions (10 events):
Event: 30.107 Thread 0x000000001dd5b800 Exception <a 'sun/nio/fs/WindowsException'> (0x00000000f585a4c8) thrown at [C:\ade\jenkins\workspace\8-2-build-windows-amd64-cygwin\jdk8u241\331\hotspot\src\share\vm\prims\jni.cpp, line 710]
Event: 30.114 Thread 0x000000001dd5b800 Exception <a 'sun/nio/fs/WindowsException'> (0x00000000f588d038) thrown at [C:\ade\jenkins\workspace\8-2-build-windows-amd64-cygwin\jdk8u241\331\hotspot\src\share\vm\prims\jni.cpp, line 710]
Event: 30.121 Thread 0x000000001dd5b800 Exception <a 'sun/nio/fs/WindowsException'> (0x00000000f58c91a8) thrown at [C:\ade\jenkins\workspace\8-2-build-windows-amd64-cygwin\jdk8u241\331\hotspot\src\share\vm\prims\jni.cpp, line 710]
Event: 30.142 Thread 0x000000001dd5b800 Exception <a 'sun/nio/fs/WindowsException'> (0x00000000f5aaf440) thrown at [C:\ade\jenkins\workspace\8-2-build-windows-amd64-cygwin\jdk8u241\331\hotspot\src\share\vm\prims\jni.cpp, line 710]
Event: 30.152 Thread 0x000000001dd5b800 Exception <a 'sun/nio/fs/WindowsException'> (0x00000000f5adee90) thrown at [C:\ade\jenkins\workspace\8-2-build-windows-amd64-cygwin\jdk8u241\331\hotspot\src\share\vm\prims\jni.cpp, line 710]
Event: 30.161 Thread 0x000000001dd5b800 Exception <a 'sun/nio/fs/WindowsException'> (0x00000000f5b0db40) thrown at [C:\ade\jenkins\workspace\8-2-build-windows-amd64-cygwin\jdk8u241\331\hotspot\src\share\vm\prims\jni.cpp, line 710]
Event: 30.167 Thread 0x000000001dd5b800 Exception <a 'sun/nio/fs/WindowsException'> (0x00000000f5b4ba98) thrown at [C:\ade\jenkins\workspace\8-2-build-windows-amd64-cygwin\jdk8u241\331\hotspot\src\share\vm\prims\jni.cpp, line 710]
Event: 30.176 Thread 0x000000001dd5b800 Exception <a 'sun/nio/fs/WindowsException'> (0x00000000f5ba4918) thrown at [C:\ade\jenkins\workspace\8-2-build-windows-amd64-cygwin\jdk8u241\331\hotspot\src\share\vm\prims\jni.cpp, line 710]
Event: 30.182 Thread 0x000000001dd5b800 Exception <a 'sun/nio/fs/WindowsException'> (0x00000000f5bdaf58) thrown at [C:\ade\jenkins\workspace\8-2-build-windows-amd64-cygwin\jdk8u241\331\hotspot\src\share\vm\prims\jni.cpp, line 710]
Event: 30.186 Thread 0x000000001dd5b800 Exception <a 'sun/nio/fs/WindowsException'> (0x00000000f5c0d3a8) thrown at [C:\ade\jenkins\workspace\8-2-build-windows-amd64-cygwin\jdk8u241\331\hotspot\src\share\vm\prims\jni.cpp, line 710]

Events (10 events):
Event: 32.801 Thread 0x000000001dd66800 DEOPT UNPACKING pc=0x000000000300583b sp=0x0000000026eee700 mode 2
Event: 32.801 Thread 0x000000001dd66800 Uncommon trap: trap_request=0xffffffd6 fr.pc=0x00000000060bb1cc
Event: 32.801 Thread 0x000000001dd66800 DEOPT PACKING pc=0x00000000060bb1cc sp=0x0000000026eee870
Event: 32.801 Thread 0x000000001dd66800 DEOPT UNPACKING pc=0x000000000300583b sp=0x0000000026eee760 mode 2
Event: 32.854 Thread 0x000000001dd66800 DEOPT PACKING pc=0x000000000602a197 sp=0x0000000026eee3a0
Event: 32.854 Thread 0x000000001dd66800 DEOPT UNPACKING pc=0x0000000003007890 sp=0x0000000026eee0c8 mode 0
Event: 32.858 Executing VM operation: ForceSafepoint
Event: 32.863 Executing VM operation: ForceSafepoint done
Event: 32.892 Thread 0x000000001dd60800 DEOPT PACKING pc=0x00000000045732aa sp=0x0000000026fee210
Event: 32.892 Thread 0x000000001dd60800 DEOPT UNPACKING pc=0x0000000003007890 sp=0x0000000026fee038 mode 0


Dynamic libraries:
0x00007ff610e20000 - 0x00007ff610e57000 	C:\Program Files\Java\jdk1.8.0_241\bin\java.exe
0x00007ff9672c0000 - 0x00007ff9674b0000 	C:\Windows\SYSTEM32\ntdll.dll
0x00007ff9661c0000 - 0x00007ff966272000 	C:\Windows\System32\KERNEL32.DLL
0x00007ff964e50000 - 0x00007ff9650f3000 	C:\Windows\System32\KERNELBASE.dll
0x00007ff9666d0000 - 0x00007ff966773000 	C:\Windows\System32\ADVAPI32.dll
0x00007ff966780000 - 0x00007ff96681e000 	C:\Windows\System32\msvcrt.dll
0x00007ff967010000 - 0x00007ff9670a7000 	C:\Windows\System32\sechost.dll
0x00007ff9670d0000 - 0x00007ff9671f0000 	C:\Windows\System32\RPCRT4.dll
0x00007ff966e70000 - 0x00007ff967004000 	C:\Windows\System32\USER32.dll
0x00007ff965150000 - 0x00007ff965171000 	C:\Windows\System32\win32u.dll
0x00007ff965c80000 - 0x00007ff965ca6000 	C:\Windows\System32\GDI32.dll
0x00007ff964300000 - 0x00007ff964494000 	C:\Windows\System32\gdi32full.dll
0x00007ff965180000 - 0x00007ff96521e000 	C:\Windows\System32\msvcp_win.dll
0x00007ff964ca0000 - 0x00007ff964d9a000 	C:\Windows\System32\ucrtbase.dll
0x00007ff9507b0000 - 0x00007ff950a35000 	C:\Windows\WinSxS\amd64_microsoft.windows.common-controls_6595b64144ccf1df_6.0.18362.720_none_e6beb5c51314836b\COMCTL32.dll
0x00007ff966280000 - 0x00007ff9665b6000 	C:\Windows\System32\combase.dll
0x00007ff964dd0000 - 0x00007ff964e50000 	C:\Windows\System32\bcryptPrimitives.dll
0x00007ff967250000 - 0x00007ff96727e000 	C:\Windows\System32\IMM32.DLL
0x00000000689a0000 - 0x0000000068a72000 	C:\Program Files\Java\jdk1.8.0_241\jre\bin\msvcr100.dll
0x0000000064f80000 - 0x000000006582c000 	C:\Program Files\Java\jdk1.8.0_241\jre\bin\server\jvm.dll
0x00007ff9666b0000 - 0x00007ff9666b8000 	C:\Windows\System32\PSAPI.DLL
0x00007ff95cf90000 - 0x00007ff95cf9a000 	C:\Windows\SYSTEM32\VERSION.dll
0x00007ff961ab0000 - 0x00007ff961ad4000 	C:\Windows\SYSTEM32\WINMM.dll
0x00007ff9604a0000 - 0x00007ff9604a9000 	C:\Windows\SYSTEM32\WSOCK32.dll
0x00007ff966640000 - 0x00007ff9666af000 	C:\Windows\System32\WS2_32.dll
0x00007ff961a80000 - 0x00007ff961aad000 	C:\Windows\SYSTEM32\winmmbase.dll
0x00007ff965100000 - 0x00007ff96514a000 	C:\Windows\System32\cfgmgr32.dll
0x00007ff961c50000 - 0x00007ff961c5f000 	C:\Program Files\Java\jdk1.8.0_241\jre\bin\verify.dll
0x00007ff947360000 - 0x00007ff947389000 	C:\Program Files\Java\jdk1.8.0_241\jre\bin\java.dll
0x00007ff960070000 - 0x00007ff960086000 	C:\Program Files\Java\jdk1.8.0_241\jre\bin\zip.dll
0x00007ff9654b0000 - 0x00007ff965b95000 	C:\Windows\System32\SHELL32.dll
0x00007ff966880000 - 0x00007ff966929000 	C:\Windows\System32\shcore.dll
0x00007ff9644c0000 - 0x00007ff964c40000 	C:\Windows\System32\windows.storage.dll
0x00007ff964220000 - 0x00007ff964243000 	C:\Windows\System32\profapi.dll
0x00007ff9641b0000 - 0x00007ff9641fa000 	C:\Windows\System32\powrprof.dll
0x00007ff964180000 - 0x00007ff964190000 	C:\Windows\System32\UMPDC.dll
0x00007ff966820000 - 0x00007ff966872000 	C:\Windows\System32\shlwapi.dll
0x00007ff964200000 - 0x00007ff964211000 	C:\Windows\System32\kernel.appcore.dll
0x00007ff9644a0000 - 0x00007ff9644b7000 	C:\Windows\System32\cryptsp.dll
0x00007ff951f90000 - 0x00007ff951faa000 	C:\Program Files\Java\jdk1.8.0_241\jre\bin\net.dll
0x00007ff9639f0000 - 0x00007ff963a57000 	C:\Windows\system32\mswsock.dll
0x00007ff951cf0000 - 0x00007ff951d02000 	C:\Program Files\Java\jdk1.8.0_241\jre\bin\nio.dll
0x00007ff951ec0000 - 0x00007ff951ee6000 	C:\Users\AUCHAN\.gradle\native\30\windows-amd64\native-platform.dll
0x00007ff95e230000 - 0x00007ff95e23d000 	C:\Program Files\Java\jdk1.8.0_241\jre\bin\management.dll
0x00007ff963560000 - 0x00007ff963593000 	C:\Windows\system32\rsaenh.dll
0x00007ff964da0000 - 0x00007ff964dc6000 	C:\Windows\System32\bcrypt.dll
0x00007ff964070000 - 0x00007ff964095000 	C:\Windows\SYSTEM32\USERENV.dll
0x00007ff963bc0000 - 0x00007ff963bcc000 	C:\Windows\SYSTEM32\CRYPTBASE.dll
0x00007ff963700000 - 0x00007ff96373a000 	C:\Windows\SYSTEM32\IPHLPAPI.DLL
0x00007ff965ba0000 - 0x00007ff965ba8000 	C:\Windows\System32\NSI.dll
0x00007ff95a800000 - 0x00007ff95a816000 	C:\Windows\SYSTEM32\dhcpcsvc6.DLL
0x00007ff95a740000 - 0x00007ff95a75c000 	C:\Windows\SYSTEM32\dhcpcsvc.DLL
0x00007ff963740000 - 0x00007ff96380a000 	C:\Windows\SYSTEM32\DNSAPI.dll
0x00007ff9632f0000 - 0x00007ff963321000 	C:\Windows\SYSTEM32\ntmarta.dll

VM Arguments:
jvm_args: -XX:MaxMetaspaceSize=256m -XX:+HeapDumpOnOutOfMemoryError -Xms256m -Xmx512m -Dfile.encoding=windows-1252 -Duser.country=GB -Duser.language=en -Duser.variant 
java_command: org.gradle.launcher.daemon.bootstrap.GradleDaemon 6.0.1
java_class_path (initial): C:\Users\AUCHAN\.gradle\wrapper\dists\gradle-6.0.1-all\99d3u8wxs16ndehh90lbbir67\gradle-6.0.1\lib\gradle-launcher-6.0.1.jar
Launcher Type: SUN_STANDARD

Environment Variables:
JAVA_HOME=C:\Program Files\Java\jdk1.8.0_241
CLASSPATH=C:\Users\AUCHAN\Desktop\tageblattapp\android\\gradle\wrapper\gradle-wrapper.jar
PATH=C:\Users\AUCHAN\Desktop\tageblattapp\android\node_modules\.bin;C:\Users\AUCHAN\Desktop\tageblattapp\node_modules\.bin;C:\Users\AUCHAN\Desktop\node_modules\.bin;C:\Users\AUCHAN\node_modules\.bin;C:\Users\node_modules\.bin;C:\node_modules\.bin;C:\Program Files\nodejs;C:\Program Files (x86)\Common Files\Oracle\Java\javapath;C:\Windows\system32;C:\Windows;C:\Windows\System32\Wbem;C:\Windows\System32\WindowsPowerShell\v1.0\;C:\Windows\System32\OpenSSH\;C:\Program Files (x86)\NVIDIA Corporation\PhysX\Common;C:\Program Files\NVIDIA Corporation\NVIDIA NvDLISR;C:\Program Files\nodejs\;C:\Users\AUCHAN\AppData\Local\Android\Sdk\platform-tools;C:\Program Files\Java\jdk1.8.0_241\bin\javac.exe;C:\Gradle\gradle-6.3\bin;C:\Program Files\Microsoft VS Code\bin;C:\Program Files\Git\cmd;C:\Users\AUCHAN\AppData\Local\Microsoft\WindowsApps;C:\Users\AUCHAN\AppData\Roaming\npm;C:\Users\AUCHAN\AppData\Local\Android\Sdk;C:\Program Files\Java\jdk1.8.0_241\bin;C:\Users\AUCHAN\AppData\Local\atom\bin
USERNAME=AUCHAN
OS=Windows_NT
PROCESSOR_IDENTIFIER=Intel64 Family 6 Model 158 Stepping 10, GenuineIntel



---------------  S Y S T E M  ---------------

OS: Windows 10.0 , 64 bit Build 18362 (10.0.18362.329)

CPU:total 8 (initial active 8) (4 cores per cpu, 2 threads per core) family 6 model 158 stepping 10, cmov, cx8, fxsr, mmx, sse, sse2, sse3, ssse3, sse4.1, sse4.2, popcnt, avx, avx2, aes, clmul, erms, 3dnowpref, lzcnt, ht, tsc, tscinvbit, bmi1, bmi2, adx

Memory: 4k page, physical 8265972k(489544k free), swap 23731824k(144k free)

vm_info: Java HotSpot(TM) 64-Bit Server VM (25.241-b07) for windows-amd64 JRE (1.8.0_241-b07), built on Dec 11 2019 10:21:40 by "rejava" with MS VC++ 10.0 (VS2010)

time: Thu Apr 16 10:11:53 2020
timezone: Romance Summer Time
elapsed time: 32 seconds (0d 0h 0m 32s)

