#
# There is insufficient memory for the Java Runtime Environment to continue.
# Native memory allocation (malloc) failed to allocate 32744 bytes for ChunkPool::allocate
# Possible reasons:
#   The system is out of physical RAM or swap space
#   The process is running with CompressedOops enabled, and the Java Heap may be blocking the growth of the native heap
# Possible solutions:
#   Reduce memory load on the system
#   Increase physical memory or swap space
#   Check if swap backing store is full
#   Decrease Java heap size (-Xmx/-Xms)
#   Decrease number of Java threads
#   Decrease Java thread stack sizes (-Xss)
#   Set larger code cache with -XX:ReservedCodeCacheSize=
#   JVM is running with Unscaled Compressed Oops mode in which the Java heap is
#     placed in the first 4GB address space. The Java Heap base address is the
#     maximum limit for the native heap growth. Please use -XX:HeapBaseMinAddress
#     to set the Java Heap base and to place the Java Heap above 4GB virtual address.
# This output file may be truncated or incomplete.
#
#  Out of Memory Error (allocation.cpp:272), pid=107452, tid=0x00000000000104f8
#
# JRE version: Java(TM) SE Runtime Environment (8.0_241-b07) (build 1.8.0_241-b07)
# Java VM: Java HotSpot(TM) 64-Bit Server VM (25.241-b07 mixed mode windows-amd64 compressed oops)
# Failed to write core dump. Minidumps are not enabled by default on client versions of Windows
#

---------------  T H R E A D  ---------------

Current thread (0x00000000158b2000):  JavaThread "C2 CompilerThread0" daemon [_thread_in_native, id=66808, stack(0x0000000016180000,0x0000000016280000)]

Stack: [0x0000000016180000,0x0000000016280000]
[error occurred during error reporting (printing stack bounds), id 0xc0000005]

Native frames: (J=compiled Java code, j=interpreted, Vv=VM code, C=native code)


Current CompileTask:
C2:  24331 1241       4       org.gradle.internal.logging.console.WorkInProgressRenderer::onOutput (53 bytes)


---------------  P R O C E S S  ---------------

Java Threads: ( => current thread )
  0x0000000016aaf000 JavaThread "Forward input" [_thread_blocked, id=119124, stack(0x00000000187d0000,0x00000000188d0000)]
  0x0000000016aae800 JavaThread "DisconnectableInputStream source reader" daemon [_thread_in_native, id=39364, stack(0x00000000186d0000,0x00000000187d0000)]
  0x0000000016ea5800 JavaThread "pool-1-thread-1" [_thread_blocked, id=106644, stack(0x0000000016780000,0x0000000016880000)]
  0x0000000015946800 JavaThread "Service Thread" daemon [_thread_blocked, id=119144, stack(0x0000000016580000,0x0000000016680000)]
  0x00000000158be000 JavaThread "C1 CompilerThread3" daemon [_thread_blocked, id=106292, stack(0x0000000016480000,0x0000000016580000)]
  0x00000000158b9800 JavaThread "C2 CompilerThread2" daemon [_thread_blocked, id=112032, stack(0x0000000016380000,0x0000000016480000)]
  0x00000000158b8800 JavaThread "C2 CompilerThread1" daemon [_thread_blocked, id=92568, stack(0x0000000016280000,0x0000000016380000)]
=>0x00000000158b2000 JavaThread "C2 CompilerThread0" daemon [_thread_in_native, id=66808, stack(0x0000000016180000,0x0000000016280000)]
  0x00000000158af000 JavaThread "Attach Listener" daemon [_thread_blocked, id=85692, stack(0x0000000016080000,0x0000000016180000)]
  0x00000000158ae000 JavaThread "Signal Dispatcher" daemon [_thread_blocked, id=87712, stack(0x0000000015f80000,0x0000000016080000)]
  0x00000000158a1000 JavaThread "Finalizer" daemon [_thread_blocked, id=95804, stack(0x0000000015d80000,0x0000000015e80000)]
  0x00000000158a0800 JavaThread "Reference Handler" daemon [_thread_blocked, id=88736, stack(0x0000000015c80000,0x0000000015d80000)]
  0x0000000003202800 JavaThread "main" [_thread_in_native, id=116792, stack(0x0000000003100000,0x0000000003200000)]

Other Threads:
  0x0000000013aa9000 VMThread [stack: 0x0000000015780000,0x0000000015880000] [id=110916]
  0x0000000015968800 WatcherThread [stack: 0x0000000016680000,0x0000000016780000] [id=84612]

VM state:not at safepoint (normal execution)

VM Mutex/Monitor currently owned by a thread: None

heap address: 0x00000000fc000000, size: 64 MB, Compressed Oops mode: 32-bit
Narrow klass base: 0x0000000000000000, Narrow klass shift: 3
Compressed class space size: 1073741824 Address: 0x0000000100000000

Heap:
 PSYoungGen      total 18944K, used 15754K [0x00000000feb00000, 0x0000000100000000, 0x0000000100000000)
  eden space 16384K, 80% used [0x00000000feb00000,0x00000000ff7e6b28,0x00000000ffb00000)
  from space 2560K, 99% used [0x00000000ffd80000,0x00000000ffffc030,0x0000000100000000)
  to   space 2560K, 0% used [0x00000000ffb00000,0x00000000ffb00000,0x00000000ffd80000)
 ParOldGen       total 44032K, used 1478K [0x00000000fc000000, 0x00000000feb00000, 0x00000000feb00000)
  object space 44032K, 3% used [0x00000000fc000000,0x00000000fc171980,0x00000000feb00000)
 Metaspace       used 11314K, capacity 11586K, committed 11904K, reserved 1058816K
  class space    used 1503K, capacity 1629K, committed 1664K, reserved 1048576K

Card table byte_map: [0x0000000003020000,0x0000000003050000] byte_map_base: 0x0000000002840000

Marking Bits: (ParMarkBitMap*) 0x000000006544be30
 Begin Bits: [0x0000000012ec0000, 0x0000000012fc0000)
 End Bits:   [0x0000000012fc0000, 0x00000000130c0000)

Polling page: 0x0000000002fd0000

CodeCache: size=245760Kb used=4107Kb max_used=4107Kb free=241652Kb
 bounds [0x0000000003300000, 0x0000000003710000, 0x0000000012300000]
 total_blobs=1608 nmethods=1240 adapters=281
 compilation: enabled

Compilation events (10 events):
Event: 23.943 Thread 0x00000000158be000 nmethod 1236 0x0000000003702690 code [0x0000000003702800, 0x0000000003702988]
Event: 23.943 Thread 0x00000000158be000 1237       3       java.lang.AbstractStringBuilder::delete (80 bytes)
Event: 23.943 Thread 0x00000000158be000 nmethod 1237 0x0000000003702a10 code [0x0000000003702ba0, 0x0000000003702fc8]
Event: 24.045 Thread 0x00000000158be000 1238       3       java.lang.InheritableThreadLocal::getMap (5 bytes)
Event: 24.045 Thread 0x00000000158be000 nmethod 1238 0x0000000003703110 code [0x0000000003703260, 0x00000000037033b0]
Event: 24.144 Thread 0x00000000158be000 1239       3       org.gradle.internal.logging.console.DefaultAnsiFactory::create (19 bytes)
Event: 24.145 Thread 0x00000000158be000 nmethod 1239 0x0000000003703450 code [0x00000000037036a0, 0x0000000003704518]
Event: 24.145 Thread 0x00000000158be000 1240       3       org.fusesource.jansi.Ansi::ansi (22 bytes)
Event: 24.145 Thread 0x00000000158be000 nmethod 1240 0x0000000003704c90 code [0x0000000003704e80, 0x00000000037057a8]
Event: 24.243 Thread 0x00000000158b2000 1241       4       org.gradle.internal.logging.console.WorkInProgressRenderer::onOutput (53 bytes)

GC Heap History (4 events):
Event: 0.357 GC heap before
{Heap before GC invocations=1 (full 0):
 PSYoungGen      total 18944K, used 16384K [0x00000000feb00000, 0x0000000100000000, 0x0000000100000000)
  eden space 16384K, 100% used [0x00000000feb00000,0x00000000ffb00000,0x00000000ffb00000)
  from space 2560K, 0% used [0x00000000ffd80000,0x00000000ffd80000,0x0000000100000000)
  to   space 2560K, 0% used [0x00000000ffb00000,0x00000000ffb00000,0x00000000ffd80000)
 ParOldGen       total 44032K, used 0K [0x00000000fc000000, 0x00000000feb00000, 0x00000000feb00000)
  object space 44032K, 0% used [0x00000000fc000000,0x00000000fc000000,0x00000000feb00000)
 Metaspace       used 5788K, capacity 5984K, committed 6272K, reserved 1056768K
  class space    used 726K, capacity 800K, committed 896K, reserved 1048576K
Event: 0.359 GC heap after
Heap after GC invocations=1 (full 0):
 PSYoungGen      total 18944K, used 2532K [0x00000000feb00000, 0x0000000100000000, 0x0000000100000000)
  eden space 16384K, 0% used [0x00000000feb00000,0x00000000feb00000,0x00000000ffb00000)
  from space 2560K, 98% used [0x00000000ffb00000,0x00000000ffd79078,0x00000000ffd80000)
  to   space 2560K, 0% used [0x00000000ffd80000,0x00000000ffd80000,0x0000000100000000)
 ParOldGen       total 44032K, used 170K [0x00000000fc000000, 0x00000000feb00000, 0x00000000feb00000)
  object space 44032K, 0% used [0x00000000fc000000,0x00000000fc02a910,0x00000000feb00000)
 Metaspace       used 5788K, capacity 5984K, committed 6272K, reserved 1056768K
  class space    used 726K, capacity 800K, committed 896K, reserved 1048576K
}
Event: 0.563 GC heap before
{Heap before GC invocations=2 (full 0):
 PSYoungGen      total 18944K, used 18916K [0x00000000feb00000, 0x0000000100000000, 0x0000000100000000)
  eden space 16384K, 100% used [0x00000000feb00000,0x00000000ffb00000,0x00000000ffb00000)
  from space 2560K, 98% used [0x00000000ffb00000,0x00000000ffd79078,0x00000000ffd80000)
  to   space 2560K, 0% used [0x00000000ffd80000,0x00000000ffd80000,0x0000000100000000)
 ParOldGen       total 44032K, used 170K [0x00000000fc000000, 0x00000000feb00000, 0x00000000feb00000)
  object space 44032K, 0% used [0x00000000fc000000,0x00000000fc02a910,0x00000000feb00000)
 Metaspace       used 9084K, capacity 9406K, committed 9600K, reserved 1056768K
  class space    used 1219K, capacity 1325K, committed 1408K, reserved 1048576K
Event: 0.566 GC heap after
Heap after GC invocations=2 (full 0):
 PSYoungGen      total 18944K, used 2544K [0x00000000feb00000, 0x0000000100000000, 0x0000000100000000)
  eden space 16384K, 0% used [0x00000000feb00000,0x00000000feb00000,0x00000000ffb00000)
  from space 2560K, 99% used [0x00000000ffd80000,0x00000000ffffc030,0x0000000100000000)
  to   space 2560K, 0% used [0x00000000ffb00000,0x00000000ffb00000,0x00000000ffd80000)
 ParOldGen       total 44032K, used 1478K [0x00000000fc000000, 0x00000000feb00000, 0x00000000feb00000)
  object space 44032K, 3% used [0x00000000fc000000,0x00000000fc171980,0x00000000feb00000)
 Metaspace       used 9084K, capacity 9406K, committed 9600K, reserved 1056768K
  class space    used 1219K, capacity 1325K, committed 1408K, reserved 1048576K
}

Deoptimization events (10 events):
Event: 22.145 Thread 0x0000000003202800 Uncommon trap: reason=bimorphic action=maybe_recompile pc=0x00000000036cbf00 method=org.gradle.internal.logging.sink.OutputEventRenderer.onOutput(Lorg/gradle/internal/logging/events/OutputEvent;)V @ 1
Event: 22.145 Thread 0x0000000003202800 Uncommon trap: reason=class_check action=maybe_recompile pc=0x00000000036eb26c method=org.gradle.internal.logging.sink.OutputEventTransformer.onOutput(Lorg/gradle/internal/logging/events/OutputEvent;)V @ 225
Event: 22.151 Thread 0x0000000003202800 Uncommon trap: reason=unstable_if action=reinterpret pc=0x00000000036c6db4 method=java.lang.reflect.AccessibleObject.setAccessible0(Ljava/lang/reflect/AccessibleObject;Z)V @ 4
Event: 22.154 Thread 0x0000000003202800 Uncommon trap: reason=bimorphic action=maybe_recompile pc=0x00000000036cbf00 method=org.gradle.internal.logging.sink.OutputEventRenderer.onOutput(Lorg/gradle/internal/logging/events/OutputEvent;)V @ 1
Event: 22.154 Thread 0x0000000003202800 Uncommon trap: reason=class_check action=maybe_recompile pc=0x00000000036eb26c method=org.gradle.internal.logging.sink.OutputEventTransformer.onOutput(Lorg/gradle/internal/logging/events/OutputEvent;)V @ 225
Event: 22.154 Thread 0x0000000003202800 Uncommon trap: reason=bimorphic action=maybe_recompile pc=0x00000000036ca5d4 method=org.gradle.internal.logging.sink.OutputEventRenderer.onOutput(Lorg/gradle/internal/logging/events/OutputEvent;)V @ 1
Event: 22.243 Thread 0x0000000016ea5800 Uncommon trap: reason=bimorphic action=maybe_recompile pc=0x00000000036e5818 method=org.gradle.internal.logging.console.BuildLogLevelFilterRenderer.onOutput(Lorg/gradle/internal/logging/events/OutputEvent;)V @ 8
Event: 22.243 Thread 0x0000000016ea5800 Uncommon trap: reason=bimorphic action=maybe_recompile pc=0x00000000036e5818 method=org.gradle.internal.logging.console.BuildLogLevelFilterRenderer.onOutput(Lorg/gradle/internal/logging/events/OutputEvent;)V @ 8
Event: 22.243 Thread 0x0000000016ea5800 Uncommon trap: reason=bimorphic action=maybe_recompile pc=0x00000000036e5818 method=org.gradle.internal.logging.console.BuildLogLevelFilterRenderer.onOutput(Lorg/gradle/internal/logging/events/OutputEvent;)V @ 8
Event: 22.243 Thread 0x0000000016ea5800 Uncommon trap: reason=bimorphic action=maybe_recompile pc=0x00000000036dcef0 method=org.gradle.internal.logging.console.BuildLogLevelFilterRenderer.onOutput(Lorg/gradle/internal/logging/events/OutputEvent;)V @ 8

Classes redefined (0 events):
No events

Internal exceptions (10 events):
Event: 0.493 Thread 0x0000000003202800 Exception <a 'java/lang/NoSuchFieldError': method resolution failed> (0x00000000ff4b5e78) thrown at [C:\ade\jenkins\workspace\8-2-build-windows-amd64-cygwin\jdk8u241\331\hotspot\src\share\vm\prims\methodHandles.cpp, line 1167]
Event: 0.494 Thread 0x0000000003202800 Exception <a 'java/lang/NoSuchFieldError': method resolution failed> (0x00000000ff4c3568) thrown at [C:\ade\jenkins\workspace\8-2-build-windows-amd64-cygwin\jdk8u241\331\hotspot\src\share\vm\prims\methodHandles.cpp, line 1167]
Event: 0.545 Thread 0x0000000003202800 Implicit null exception at 0x000000000353d215 to 0x000000000353d421
Event: 0.549 Thread 0x0000000003202800 Exception <a 'java/lang/ArrayIndexOutOfBoundsException'> (0x00000000ff8e2f08) thrown at [C:\ade\jenkins\workspace\8-2-build-windows-amd64-cygwin\jdk8u241\331\hotspot\src\share\vm\runtime\sharedRuntime.cpp, line 605]
Event: 0.549 Thread 0x0000000003202800 Exception <a 'java/lang/ArrayIndexOutOfBoundsException'> (0x00000000ff8e73b0) thrown at [C:\ade\jenkins\workspace\8-2-build-windows-amd64-cygwin\jdk8u241\331\hotspot\src\share\vm\runtime\sharedRuntime.cpp, line 605]
Event: 0.554 Thread 0x0000000003202800 Exception <a 'java/lang/ArrayIndexOutOfBoundsException'> (0x00000000ff9c8828) thrown at [C:\ade\jenkins\workspace\8-2-build-windows-amd64-cygwin\jdk8u241\331\hotspot\src\share\vm\runtime\sharedRuntime.cpp, line 605]
Event: 0.554 Thread 0x0000000003202800 Exception <a 'java/lang/ArrayIndexOutOfBoundsException'> (0x00000000ff9cb9e0) thrown at [C:\ade\jenkins\workspace\8-2-build-windows-amd64-cygwin\jdk8u241\331\hotspot\src\share\vm\runtime\sharedRuntime.cpp, line 605]
Event: 0.554 Thread 0x0000000003202800 Exception <a 'java/lang/ArrayIndexOutOfBoundsException'> (0x00000000ff9ccda8) thrown at [C:\ade\jenkins\workspace\8-2-build-windows-amd64-cygwin\jdk8u241\331\hotspot\src\share\vm\runtime\sharedRuntime.cpp, line 605]
Event: 0.554 Thread 0x0000000003202800 Exception <a 'java/lang/ArrayIndexOutOfBoundsException'> (0x00000000ff9cde70) thrown at [C:\ade\jenkins\workspace\8-2-build-windows-amd64-cygwin\jdk8u241\331\hotspot\src\share\vm\runtime\sharedRuntime.cpp, line 605]
Event: 0.555 Thread 0x0000000003202800 Exception <a 'java/lang/ArrayIndexOutOfBoundsException'> (0x00000000ff9cf3e0) thrown at [C:\ade\jenkins\workspace\8-2-build-windows-amd64-cygwin\jdk8u241\331\hotspot\src\share\vm\runtime\sharedRuntime.cpp, line 605]

Events (10 events):
Event: 22.243 Thread 0x0000000016ea5800 DEOPT UNPACKING pc=0x000000000334583b sp=0x000000001687ea10 mode 2
Event: 22.243 Thread 0x0000000016ea5800 Uncommon trap: trap_request=0xffffffc6 fr.pc=0x00000000036dcef0
Event: 22.243 Thread 0x0000000016ea5800 DEOPT PACKING pc=0x00000000036dcef0 sp=0x000000001687ea10
Event: 22.243 Thread 0x0000000016ea5800 DEOPT UNPACKING pc=0x000000000334583b sp=0x000000001687ea00 mode 2
Event: 23.744 loading class org/gradle/internal/logging/text/AbstractLineChoppingStyledTextOutput$StateContext
Event: 23.744 loading class org/gradle/internal/logging/text/AbstractLineChoppingStyledTextOutput$StateContext done
Event: 23.745 loading class org/gradle/internal/logging/console/DefaultTextArea$2
Event: 23.745 loading class org/gradle/internal/logging/console/DefaultTextArea$2 done
Event: 23.746 loading class org/gradle/internal/logging/console/DefaultTextArea$2$1
Event: 23.746 loading class org/gradle/internal/logging/console/DefaultTextArea$2$1 done


Dynamic libraries:
0x00007ff635170000 - 0x00007ff6351a7000 	C:\Program Files\Java\jdk1.8.0_241\bin\java.exe
0x00007ff9672c0000 - 0x00007ff9674b0000 	C:\Windows\SYSTEM32\ntdll.dll
0x00007ff9661c0000 - 0x00007ff966272000 	C:\Windows\System32\KERNEL32.DLL
0x00007ff964e50000 - 0x00007ff9650f3000 	C:\Windows\System32\KERNELBASE.dll
0x00007ff9666d0000 - 0x00007ff966773000 	C:\Windows\System32\ADVAPI32.dll
0x00007ff966780000 - 0x00007ff96681e000 	C:\Windows\System32\msvcrt.dll
0x00007ff967010000 - 0x00007ff9670a7000 	C:\Windows\System32\sechost.dll
0x00007ff9670d0000 - 0x00007ff9671f0000 	C:\Windows\System32\RPCRT4.dll
0x00007ff966e70000 - 0x00007ff967004000 	C:\Windows\System32\USER32.dll
0x00007ff965150000 - 0x00007ff965171000 	C:\Windows\System32\win32u.dll
0x00007ff965c80000 - 0x00007ff965ca6000 	C:\Windows\System32\GDI32.dll
0x00007ff964300000 - 0x00007ff964494000 	C:\Windows\System32\gdi32full.dll
0x00007ff965180000 - 0x00007ff96521e000 	C:\Windows\System32\msvcp_win.dll
0x00007ff964ca0000 - 0x00007ff964d9a000 	C:\Windows\System32\ucrtbase.dll
0x00007ff9507b0000 - 0x00007ff950a35000 	C:\Windows\WinSxS\amd64_microsoft.windows.common-controls_6595b64144ccf1df_6.0.18362.720_none_e6beb5c51314836b\COMCTL32.dll
0x00007ff966280000 - 0x00007ff9665b6000 	C:\Windows\System32\combase.dll
0x00007ff964dd0000 - 0x00007ff964e50000 	C:\Windows\System32\bcryptPrimitives.dll
0x00007ff967250000 - 0x00007ff96727e000 	C:\Windows\System32\IMM32.DLL
0x00000000689a0000 - 0x0000000068a72000 	C:\Program Files\Java\jdk1.8.0_241\jre\bin\msvcr100.dll
0x0000000064c20000 - 0x00000000654cc000 	C:\Program Files\Java\jdk1.8.0_241\jre\bin\server\jvm.dll
0x00007ff9666b0000 - 0x00007ff9666b8000 	C:\Windows\System32\PSAPI.DLL
0x00007ff961ab0000 - 0x00007ff961ad4000 	C:\Windows\SYSTEM32\WINMM.dll
0x00007ff95cf90000 - 0x00007ff95cf9a000 	C:\Windows\SYSTEM32\VERSION.dll
0x00007ff961c50000 - 0x00007ff961c59000 	C:\Windows\SYSTEM32\WSOCK32.dll
0x00007ff966640000 - 0x00007ff9666af000 	C:\Windows\System32\WS2_32.dll
0x00007ff961a80000 - 0x00007ff961aad000 	C:\Windows\SYSTEM32\WINMMBASE.dll
0x00007ff965100000 - 0x00007ff96514a000 	C:\Windows\System32\cfgmgr32.dll
0x00007ff95dc50000 - 0x00007ff95dc5f000 	C:\Program Files\Java\jdk1.8.0_241\jre\bin\verify.dll
0x00007ff94eb20000 - 0x00007ff94eb49000 	C:\Program Files\Java\jdk1.8.0_241\jre\bin\java.dll
0x00007ff951c70000 - 0x00007ff951c86000 	C:\Program Files\Java\jdk1.8.0_241\jre\bin\zip.dll
0x00007ff9654b0000 - 0x00007ff965b95000 	C:\Windows\System32\SHELL32.dll
0x00007ff966880000 - 0x00007ff966929000 	C:\Windows\System32\shcore.dll
0x00007ff9644c0000 - 0x00007ff964c40000 	C:\Windows\System32\windows.storage.dll
0x00007ff964220000 - 0x00007ff964243000 	C:\Windows\System32\profapi.dll
0x00007ff9641b0000 - 0x00007ff9641fa000 	C:\Windows\System32\powrprof.dll
0x00007ff964180000 - 0x00007ff964190000 	C:\Windows\System32\UMPDC.dll
0x00007ff966820000 - 0x00007ff966872000 	C:\Windows\System32\shlwapi.dll
0x00007ff964200000 - 0x00007ff964211000 	C:\Windows\System32\kernel.appcore.dll
0x00007ff9644a0000 - 0x00007ff9644b7000 	C:\Windows\System32\cryptsp.dll
0x00007ff9519e0000 - 0x00007ff9519fa000 	C:\Program Files\Java\jdk1.8.0_241\jre\bin\net.dll
0x00007ff9639f0000 - 0x00007ff963a57000 	C:\Windows\system32\mswsock.dll
0x00007ff9518f0000 - 0x00007ff951902000 	C:\Program Files\Java\jdk1.8.0_241\jre\bin\nio.dll
0x00007ff947650000 - 0x00007ff947676000 	C:\Users\AUCHAN\.gradle\native\30\windows-amd64\native-platform.dll
0x00007ff9600e0000 - 0x00007ff9600ea000 	C:\Users\AUCHAN\.gradle\native\jansi\1.18\windows64\jansi.dll
0x00007ff951b30000 - 0x00007ff951b3d000 	C:\Program Files\Java\jdk1.8.0_241\jre\bin\management.dll
0x00007ff963560000 - 0x00007ff963593000 	C:\Windows\system32\rsaenh.dll
0x00007ff964da0000 - 0x00007ff964dc6000 	C:\Windows\System32\bcrypt.dll
0x00007ff964070000 - 0x00007ff964095000 	C:\Windows\SYSTEM32\USERENV.dll
0x00007ff963bc0000 - 0x00007ff963bcc000 	C:\Windows\SYSTEM32\CRYPTBASE.dll
0x00007ff963700000 - 0x00007ff96373a000 	C:\Windows\SYSTEM32\IPHLPAPI.DLL
0x00007ff965ba0000 - 0x00007ff965ba8000 	C:\Windows\System32\NSI.dll
0x00007ff95a800000 - 0x00007ff95a816000 	C:\Windows\SYSTEM32\dhcpcsvc6.DLL
0x00007ff95a740000 - 0x00007ff95a75c000 	C:\Windows\SYSTEM32\dhcpcsvc.DLL
0x00007ff963740000 - 0x00007ff96380a000 	C:\Windows\SYSTEM32\DNSAPI.dll

VM Arguments:
jvm_args: -Xmx64m -Xms64m -Dorg.gradle.appname=gradlew 
java_command: org.gradle.wrapper.GradleWrapperMain app:installDebug -PreactNativeDevServerPort=8081
java_class_path (initial): D:\tageblattapp-15-04-2020\tageblattapp\android\\gradle\wrapper\gradle-wrapper.jar
Launcher Type: SUN_STANDARD

Environment Variables:
JAVA_HOME=C:\Program Files\Java\jdk1.8.0_241
CLASSPATH=D:\tageblattapp-15-04-2020\tageblattapp\android\\gradle\wrapper\gradle-wrapper.jar
PATH=D:\tageblattapp-15-04-2020\tageblattapp\android\node_modules\.bin;D:\tageblattapp-15-04-2020\tageblattapp\node_modules\.bin;D:\tageblattapp-15-04-2020\node_modules\.bin;D:\node_modules\.bin;C:\Program Files\nodejs;C:\Program Files (x86)\Common Files\Oracle\Java\javapath;C:\Windows\system32;C:\Windows;C:\Windows\System32\Wbem;C:\Windows\System32\WindowsPowerShell\v1.0\;C:\Windows\System32\OpenSSH\;C:\Program Files (x86)\NVIDIA Corporation\PhysX\Common;C:\Program Files\NVIDIA Corporation\NVIDIA NvDLISR;C:\Program Files\nodejs\;C:\Users\AUCHAN\AppData\Local\Android\Sdk\platform-tools;C:\Program Files\Java\jdk1.8.0_241\bin\javac.exe;C:\Gradle\gradle-6.3\bin;C:\Program Files\Microsoft VS Code\bin;C:\Program Files\Git\cmd;C:\Users\AUCHAN\AppData\Local\Microsoft\WindowsApps;C:\Users\AUCHAN\AppData\Roaming\npm;C:\Users\AUCHAN\AppData\Local\Android\Sdk;C:\Program Files\Java\jdk1.8.0_241\bin;C:\Users\AUCHAN\AppData\Local\atom\bin
USERNAME=AUCHAN
OS=Windows_NT
PROCESSOR_IDENTIFIER=Intel64 Family 6 Model 158 Stepping 10, GenuineIntel



---------------  S Y S T E M  ---------------

OS: Windows 10.0 , 64 bit Build 18362 (10.0.18362.329)

CPU:total 8 (initial active 8) (4 cores per cpu, 2 threads per core) family 6 model 158 stepping 10, cmov, cx8, fxsr, mmx, sse, sse2, sse3, ssse3, sse4.1, sse4.2, popcnt, avx, avx2, aes, clmul, erms, 3dnowpref, lzcnt, ht, tsc, tscinvbit, bmi1, bmi2, adx

Memory: 4k page, physical 8265972k(304180k free), swap 23731824k(20320k free)

vm_info: Java HotSpot(TM) 64-Bit Server VM (25.241-b07) for windows-amd64 JRE (1.8.0_241-b07), built on Dec 11 2019 10:21:40 by "rejava" with MS VC++ 10.0 (VS2010)

time: Wed Apr 15 15:34:15 2020
timezone: Romance Summer Time
elapsed time: 24 seconds (0d 0h 0m 24s)

