#
# There is insufficient memory for the Java Runtime Environment to continue.
# Native memory allocation (malloc) failed to allocate 65552 bytes for Chunk::new
# Possible reasons:
#   The system is out of physical RAM or swap space
#   The process is running with CompressedOops enabled, and the Java Heap may be blocking the growth of the native heap
# Possible solutions:
#   Reduce memory load on the system
#   Increase physical memory or swap space
#   Check if swap backing store is full
#   Decrease Java heap size (-Xmx/-Xms)
#   Decrease number of Java threads
#   Decrease Java thread stack sizes (-Xss)
#   Set larger code cache with -XX:ReservedCodeCacheSize=
#   JVM is running with Unscaled Compressed Oops mode in which the Java heap is
#     placed in the first 4GB address space. The Java Heap base address is the
#     maximum limit for the native heap growth. Please use -XX:HeapBaseMinAddress
#     to set the Java Heap base and to place the Java Heap above 4GB virtual address.
# This output file may be truncated or incomplete.
#
#  Out of Memory Error (allocation.cpp:389), pid=91440, tid=0x000000000001e9ec
#
# JRE version: Java(TM) SE Runtime Environment (8.0_241-b07) (build 1.8.0_241-b07)
# Java VM: Java HotSpot(TM) 64-Bit Server VM (25.241-b07 mixed mode windows-amd64 compressed oops)
# Failed to write core dump. Minidumps are not enabled by default on client versions of Windows
#

---------------  T H R E A D  ---------------

Current thread (0x0000000015d63000):  JavaThread "C2 CompilerThread0" daemon [_thread_in_native, id=125420, stack(0x0000000016630000,0x0000000016730000)]

Stack: [0x0000000016630000,0x0000000016730000]
[error occurred during error reporting (printing stack bounds), id 0xc0000005]

Native frames: (J=compiled Java code, j=interpreted, Vv=VM code, C=native code)


Current CompileTask:
C2:  84558 18476       4       org.objectweb.asm.ClassReader::accept (1251 bytes)


---------------  P R O C E S S  ---------------

Java Threads: ( => current thread )
  0x0000000018967000 JavaThread "RMI TCP Connection(1)-127.0.0.1" daemon [_thread_in_native, id=120580, stack(0x00000000288e0000,0x00000000289e0000)]
  0x0000000018962800 JavaThread "RMI Reaper" [_thread_blocked, id=95836, stack(0x00000000287e0000,0x00000000288e0000)]
  0x0000000018963800 JavaThread "RMI TCP Accept-0" daemon [_thread_in_native, id=96844, stack(0x00000000286e0000,0x00000000287e0000)]
  0x0000000018965800 JavaThread "GC Daemon" daemon [_thread_blocked, id=138252, stack(0x00000000285e0000,0x00000000286e0000)]
  0x000000001d9d7000 JavaThread "RMI RenewClean-[127.0.0.1:17328,org.jetbrains.kotlin.daemon.common.LoopbackNetworkInterface$ClientLoopbackSocketFactory@20e391a7]" daemon [_thread_blocked, id=103536, stack(0x00000000284e0000,0x00000000285e0000)]
  0x000000001d9d4000 JavaThread "RMI Scheduler(0)" daemon [_thread_blocked, id=117480, stack(0x00000000283e0000,0x00000000284e0000)]
  0x000000001d9d5800 JavaThread "ForkJoinPool.commonPool-worker-1" daemon [_thread_blocked, id=141460, stack(0x0000000026650000,0x0000000026750000)]
  0x000000001d9d8800 JavaThread "Cache worker for Java compile cache (C:\Users\AUCHAN\Desktop\tageblattapp\android\.gradle\6.0.1\javaCompile)" [_thread_blocked, id=79260, stack(0x00000000247c0000,0x00000000248c0000)]
  0x000000001d9d8000 JavaThread "Cache worker for Java compile cache (C:\Users\AUCHAN\.gradle\caches\6.0.1\javaCompile)" [_thread_blocked, id=120212, stack(0x00000000246c0000,0x00000000247c0000)]
  0x000000001d9d3800 JavaThread "Cache worker for execution history cache (C:\Users\AUCHAN\Desktop\tageblattapp\android\.gradle\6.0.1\executionHistory)" [_thread_blocked, id=111308, stack(0x00000000267a0000,0x00000000268a0000)]
  0x000000001d9cc000 JavaThread "Execution worker for ':' Thread 7" [_thread_blocked, id=105128, stack(0x0000000026550000,0x0000000026650000)]
  0x000000001d9d2800 JavaThread "Execution worker for ':' Thread 6" [_thread_blocked, id=131004, stack(0x0000000025270000,0x0000000025370000)]
  0x000000001d9d0800 JavaThread "Execution worker for ':' Thread 5" [_thread_blocked, id=129468, stack(0x0000000025170000,0x0000000025270000)]
  0x000000001d9cf000 JavaThread "Execution worker for ':' Thread 4" [_thread_blocked, id=103468, stack(0x0000000025070000,0x0000000025170000)]
  0x000000001d9cd800 JavaThread "Execution worker for ':' Thread 3" [_thread_in_native, id=114372, stack(0x0000000024d60000,0x0000000024e60000)]
  0x000000001d9d2000 JavaThread "Execution worker for ':' Thread 2" [_thread_blocked, id=143080, stack(0x0000000024c60000,0x0000000024d60000)]
  0x000000001d9cc800 JavaThread "Execution worker for ':'" [_thread_blocked, id=140040, stack(0x00000000241c0000,0x00000000242c0000)]
  0x000000001d9ce000 JavaThread "Cache worker for file content cache (C:\Users\AUCHAN\Desktop\tageblattapp\android\.gradle\6.0.1\fileContent)" [_thread_blocked, id=107336, stack(0x0000000023850000,0x0000000023950000)]
  0x000000001daea000 JavaThread "Cache worker for Build Output Cleanup Cache (C:\Users\AUCHAN\Desktop\tageblattapp\android\.gradle\buildOutputCleanup)" [_thread_blocked, id=141980, stack(0x0000000020fe0000,0x00000000210e0000)]
  0x000000001dae9800 JavaThread "Build operations Thread 8" [_thread_blocked, id=141456, stack(0x00000000208e0000,0x00000000209e0000)]
  0x000000001dae5800 JavaThread "Build operations Thread 7" [_thread_blocked, id=139940, stack(0x00000000207e0000,0x00000000208e0000)]
  0x000000001dae4000 JavaThread "Build operations Thread 6" [_thread_blocked, id=13876, stack(0x00000000206e0000,0x00000000207e0000)]
  0x000000001dae8800 JavaThread "Build operations Thread 5" [_thread_blocked, id=121352, stack(0x00000000205e0000,0x00000000206e0000)]
  0x000000001dae3000 JavaThread "Build operations Thread 4" [_thread_blocked, id=112064, stack(0x00000000204e0000,0x00000000205e0000)]
  0x000000001dae8000 JavaThread "Build operations Thread 3" [_thread_blocked, id=141288, stack(0x00000000203e0000,0x00000000204e0000)]
  0x000000001dae7000 JavaThread "Build operations Thread 2" [_thread_blocked, id=88736, stack(0x00000000202e0000,0x00000000203e0000)]
  0x000000001dadb800 JavaThread "Build operations" [_thread_blocked, id=141336, stack(0x000000001ef80000,0x000000001f080000)]
  0x000000001dae2800 JavaThread "Cache worker for cache directory md-rule (C:\Users\AUCHAN\.gradle\caches\6.0.1\md-rule)" [_thread_blocked, id=100476, stack(0x000000001d2f0000,0x000000001d3f0000)]
  0x000000001dae1800 JavaThread "Cache worker for cache directory md-supplier (C:\Users\AUCHAN\.gradle\caches\6.0.1\md-supplier)" [_thread_blocked, id=85528, stack(0x000000001d1f0000,0x000000001d2f0000)]
  0x000000001dae1000 JavaThread "Cache worker for file hash cache (C:\Users\AUCHAN\Desktop\tageblattapp\android\.gradle\6.0.1\fileHashes)" [_thread_blocked, id=113520, stack(0x000000001d0f0000,0x000000001d1f0000)]
  0x000000001dadb000 JavaThread "Thread-66" [_thread_blocked, id=123944, stack(0x000000001cff0000,0x000000001d0f0000)]
  0x000000001dadc800 JavaThread "Stdin handler" [_thread_blocked, id=126556, stack(0x000000001a350000,0x000000001a450000)]
  0x000000001dadf800 JavaThread "Asynchronous log dispatcher for DefaultDaemonConnection: socket connection from /127.0.0.1:53860 to /127.0.0.1:53884" [_thread_blocked, id=110088, stack(0x0000000019f50000,0x000000001a050000)]
  0x000000001dade800 JavaThread "Cancel handler" [_thread_blocked, id=145504, stack(0x0000000000940000,0x0000000000a40000)]
  0x000000001dade000 JavaThread "Handler for socket connection from /127.0.0.1:53860 to /127.0.0.1:53884" [_thread_in_native, id=125736, stack(0x0000000000840000,0x0000000000940000)]
  0x000000001dae5000 JavaThread "Cache worker for file content cache (C:\Users\AUCHAN\.gradle\caches\6.0.1\fileContent)" [_thread_blocked, id=114268, stack(0x0000000022740000,0x0000000022840000)]
  0x000000001dae0000 JavaThread "Memory manager" [_thread_blocked, id=133988, stack(0x00000000212e0000,0x00000000213e0000)]
  0x000000001dadd000 JavaThread "Cache worker for execution history cache (C:\Users\AUCHAN\.gradle\caches\6.0.1\executionHistory)" [_thread_blocked, id=119944, stack(0x000000001ee80000,0x000000001ef80000)]
  0x0000000018965000 JavaThread "Cache worker for journal cache (C:\Users\AUCHAN\.gradle\caches\journal-1)" [_thread_blocked, id=123632, stack(0x000000001a950000,0x000000001aa50000)]
  0x0000000018964000 JavaThread "File lock request listener" [_thread_in_native, id=137228, stack(0x000000001a850000,0x000000001a950000)]
  0x0000000018966800 JavaThread "Cache worker for file hash cache (C:\Users\AUCHAN\.gradle\caches\6.0.1\fileHashes)" [_thread_blocked, id=116692, stack(0x000000001a750000,0x000000001a850000)]
  0x0000000018980000 JavaThread "Daemon worker" [_thread_blocked, id=127604, stack(0x000000001a050000,0x000000001a150000)]
  0x0000000018927800 JavaThread "Daemon" [_thread_blocked, id=105276, stack(0x0000000019d50000,0x0000000019e50000)]
  0x00000000188ba800 JavaThread "Daemon periodic checks" [_thread_blocked, id=94936, stack(0x0000000019c50000,0x0000000019d50000)]
  0x00000000188b9000 JavaThread "Incoming local TCP Connector on port 53860" [_thread_in_native, id=130348, stack(0x0000000019a10000,0x0000000019b10000)]
  0x00000000187cc000 JavaThread "Daemon health stats" [_thread_blocked, id=145068, stack(0x00000000193d0000,0x00000000194d0000)]
  0x0000000015df3800 JavaThread "Service Thread" daemon [_thread_blocked, id=141668, stack(0x0000000016a30000,0x0000000016b30000)]
  0x0000000015d74800 JavaThread "C1 CompilerThread3" daemon [_thread_blocked, id=39572, stack(0x0000000016930000,0x0000000016a30000)]
  0x0000000015d6b800 JavaThread "C2 CompilerThread2" daemon [_thread_blocked, id=132564, stack(0x0000000016830000,0x0000000016930000)]
  0x0000000015d6a000 JavaThread "C2 CompilerThread1" daemon [_thread_in_native, id=85828, stack(0x0000000016730000,0x0000000016830000)]
=>0x0000000015d63000 JavaThread "C2 CompilerThread0" daemon [_thread_in_native, id=125420, stack(0x0000000016630000,0x0000000016730000)]
  0x0000000015d61000 JavaThread "Attach Listener" daemon [_thread_blocked, id=122892, stack(0x0000000016530000,0x0000000016630000)]
  0x0000000015d5f000 JavaThread "Signal Dispatcher" daemon [_thread_blocked, id=126768, stack(0x0000000016430000,0x0000000016530000)]
  0x0000000015d50800 JavaThread "Finalizer" daemon [_thread_blocked, id=133924, stack(0x0000000016230000,0x0000000016330000)]
  0x0000000013f6d000 JavaThread "Reference Handler" daemon [_thread_blocked, id=125888, stack(0x0000000016130000,0x0000000016230000)]
  0x0000000002602800 JavaThread "main" [_thread_blocked, id=102044, stack(0x0000000002500000,0x0000000002600000)]

Other Threads:
  0x0000000013f69000 VMThread [stack: 0x0000000015c30000,0x0000000015d30000] [id=110308]
  0x0000000015df5000 WatcherThread [stack: 0x0000000016b30000,0x0000000016c30000] [id=99640]

VM state:not at safepoint (normal execution)

VM Mutex/Monitor currently owned by a thread: None

heap address: 0x00000000e0000000, size: 512 MB, Compressed Oops mode: 32-bit
Narrow klass base: 0x0000000000000000, Narrow klass shift: 3
Compressed class space size: 1073741824 Address: 0x0000000100000000

Heap:
 PSYoungGen      total 142336K, used 43889K [0x00000000f5580000, 0x00000000fff80000, 0x0000000100000000)
  eden space 112640K, 38% used [0x00000000f5580000,0x00000000f805c6b8,0x00000000fc380000)
  from space 29696K, 0% used [0x00000000fe100000,0x00000000fe100000,0x00000000ffe00000)
  to   space 30208K, 0% used [0x00000000fc380000,0x00000000fc380000,0x00000000fe100000)
 ParOldGen       total 349696K, used 113031K [0x00000000e0000000, 0x00000000f5580000, 0x00000000f5580000)
  object space 349696K, 32% used [0x00000000e0000000,0x00000000e6e61f40,0x00000000f5580000)
 Metaspace       used 94404K, capacity 100040K, committed 100352K, reserved 1136640K
  class space    used 12532K, capacity 13726K, committed 13824K, reserved 1048576K

Card table byte_map: [0x0000000011ac0000,0x0000000011bd0000] byte_map_base: 0x00000000113c0000

Marking Bits: (ParMarkBitMap*) 0x00000000657abe30
 Begin Bits: [0x0000000012480000, 0x0000000012c80000)
 End Bits:   [0x0000000012c80000, 0x0000000013480000)

Polling page: 0x0000000000640000

CodeCache: size=245760Kb used=53349Kb max_used=53948Kb free=192410Kb
 bounds [0x0000000002700000, 0x0000000005c10000, 0x0000000011700000]
 total_blobs=16236 nmethods=15295 adapters=851
 compilation: enabled

Compilation events (10 events):
Event: 84.520 Thread 0x0000000015d6a000 nmethod 18475 0x0000000005096e10 code [0x0000000005096f60, 0x0000000005097098]
Event: 84.522 Thread 0x0000000015d63000 18476       4       org.objectweb.asm.ClassReader::accept (1251 bytes)
Event: 84.522 Thread 0x0000000015d6b800 18477       4       com.google.common.collect.ImmutableSortedSet::copyOf (52 bytes)
Event: 84.525 Thread 0x0000000015d6a000 18478       4       com.google.common.collect.SortedIterables::hasSameComparator (58 bytes)
Event: 84.528 Thread 0x0000000015d6a000 nmethod 18478 0x00000000050c40d0 code [0x00000000050c4220, 0x00000000050c43f8]
Event: 84.528 Thread 0x0000000015d6a000 18481       4       com.google.common.collect.Iterables::toArray (10 bytes)
Event: 84.554 Thread 0x0000000015d6a000 nmethod 18481 0x00000000051c5810 code [0x00000000051c5a00, 0x00000000051c6598]
Event: 84.554 Thread 0x0000000015d6a000 18482       4       org.gradle.api.internal.changedetection.state.ZipHasher::isZipFile (43 bytes)
Event: 84.555 Thread 0x0000000015d6b800 nmethod 18477 0x0000000004eba990 code [0x0000000004ebabc0, 0x0000000004ebba98]
Event: 84.555 Thread 0x0000000015d6b800 18480       4       org.objectweb.asm.MethodWriter::visitMaxs (60 bytes)

GC Heap History (10 events):
Event: 74.454 GC heap before
{Heap before GC invocations=24 (full 3):
 PSYoungGen      total 137216K, used 122374K [0x00000000f5580000, 0x00000000ffd00000, 0x0000000100000000)
  eden space 105984K, 100% used [0x00000000f5580000,0x00000000fbd00000,0x00000000fbd00000)
  from space 31232K, 52% used [0x00000000fde80000,0x00000000fee81950,0x00000000ffd00000)
  to   space 32768K, 0% used [0x00000000fbd00000,0x00000000fbd00000,0x00000000fdd00000)
 ParOldGen       total 249344K, used 136005K [0x00000000e0000000, 0x00000000ef380000, 0x00000000f5580000)
  object space 249344K, 54% used [0x00000000e0000000,0x00000000e84d1628,0x00000000ef380000)
 Metaspace       used 91223K, capacity 96912K, committed 97024K, reserved 1132544K
  class space    used 12073K, capacity 13258K, committed 13312K, reserved 1048576K
Event: 74.499 GC heap after
Heap after GC invocations=24 (full 3):
 PSYoungGen      total 138752K, used 11971K [0x00000000f5580000, 0x00000000fff80000, 0x0000000100000000)
  eden space 105984K, 0% used [0x00000000f5580000,0x00000000f5580000,0x00000000fbd00000)
  from space 32768K, 36% used [0x00000000fbd00000,0x00000000fc8b0f40,0x00000000fdd00000)
  to   space 31744K, 0% used [0x00000000fe080000,0x00000000fe080000,0x00000000fff80000)
 ParOldGen       total 249344K, used 144428K [0x00000000e0000000, 0x00000000ef380000, 0x00000000f5580000)
  object space 249344K, 57% used [0x00000000e0000000,0x00000000e8d0b0d0,0x00000000ef380000)
 Metaspace       used 91223K, capacity 96912K, committed 97024K, reserved 1132544K
  class space    used 12073K, capacity 13258K, committed 13312K, reserved 1048576K
}
Event: 75.384 GC heap before
{Heap before GC invocations=25 (full 3):
 PSYoungGen      total 138752K, used 117955K [0x00000000f5580000, 0x00000000fff80000, 0x0000000100000000)
  eden space 105984K, 100% used [0x00000000f5580000,0x00000000fbd00000,0x00000000fbd00000)
  from space 32768K, 36% used [0x00000000fbd00000,0x00000000fc8b0f40,0x00000000fdd00000)
  to   space 31744K, 0% used [0x00000000fe080000,0x00000000fe080000,0x00000000fff80000)
 ParOldGen       total 249344K, used 144428K [0x00000000e0000000, 0x00000000ef380000, 0x00000000f5580000)
  object space 249344K, 57% used [0x00000000e0000000,0x00000000e8d0b0d0,0x00000000ef380000)
 Metaspace       used 91368K, capacity 97064K, committed 97280K, reserved 1132544K
  class space    used 12074K, capacity 13260K, committed 13312K, reserved 1048576K
Event: 75.401 GC heap after
Heap after GC invocations=25 (full 3):
 PSYoungGen      total 140288K, used 7916K [0x00000000f5580000, 0x00000000ffe00000, 0x0000000100000000)
  eden space 110080K, 0% used [0x00000000f5580000,0x00000000f5580000,0x00000000fc100000)
  from space 30208K, 26% used [0x00000000fe080000,0x00000000fe83b2c8,0x00000000ffe00000)
  to   space 31232K, 0% used [0x00000000fc100000,0x00000000fc100000,0x00000000fdf80000)
 ParOldGen       total 249344K, used 150010K [0x00000000e0000000, 0x00000000ef380000, 0x00000000f5580000)
  object space 249344K, 60% used [0x00000000e0000000,0x00000000e927e9f0,0x00000000ef380000)
 Metaspace       used 91368K, capacity 97064K, committed 97280K, reserved 1132544K
  class space    used 12074K, capacity 13260K, committed 13312K, reserved 1048576K
}
Event: 76.479 GC heap before
{Heap before GC invocations=26 (full 3):
 PSYoungGen      total 140288K, used 117996K [0x00000000f5580000, 0x00000000ffe00000, 0x0000000100000000)
  eden space 110080K, 100% used [0x00000000f5580000,0x00000000fc100000,0x00000000fc100000)
  from space 30208K, 26% used [0x00000000fe080000,0x00000000fe83b2c8,0x00000000ffe00000)
  to   space 31232K, 0% used [0x00000000fc100000,0x00000000fc100000,0x00000000fdf80000)
 ParOldGen       total 249344K, used 150010K [0x00000000e0000000, 0x00000000ef380000, 0x00000000f5580000)
  object space 249344K, 60% used [0x00000000e0000000,0x00000000e927e9f0,0x00000000ef380000)
 Metaspace       used 91518K, capacity 97314K, committed 97536K, reserved 1134592K
  class space    used 12079K, capacity 13269K, committed 13312K, reserved 1048576K
Event: 76.527 GC heap after
Heap after GC invocations=26 (full 3):
 PSYoungGen      total 141312K, used 12817K [0x00000000f5580000, 0x00000000ffe00000, 0x0000000100000000)
  eden space 110080K, 0% used [0x00000000f5580000,0x00000000f5580000,0x00000000fc100000)
  from space 31232K, 41% used [0x00000000fc100000,0x00000000fcd846c0,0x00000000fdf80000)
  to   space 29696K, 0% used [0x00000000fe100000,0x00000000fe100000,0x00000000ffe00000)
 ParOldGen       total 249344K, used 151951K [0x00000000e0000000, 0x00000000ef380000, 0x00000000f5580000)
  object space 249344K, 60% used [0x00000000e0000000,0x00000000e9463ed0,0x00000000ef380000)
 Metaspace       used 91518K, capacity 97314K, committed 97536K, reserved 1134592K
  class space    used 12079K, capacity 13269K, committed 13312K, reserved 1048576K
}
Event: 77.017 GC heap before
{Heap before GC invocations=27 (full 3):
 PSYoungGen      total 141312K, used 56781K [0x00000000f5580000, 0x00000000ffe00000, 0x0000000100000000)
  eden space 110080K, 39% used [0x00000000f5580000,0x00000000f806eea8,0x00000000fc100000)
  from space 31232K, 41% used [0x00000000fc100000,0x00000000fcd846c0,0x00000000fdf80000)
  to   space 29696K, 0% used [0x00000000fe100000,0x00000000fe100000,0x00000000ffe00000)
 ParOldGen       total 249344K, used 151951K [0x00000000e0000000, 0x00000000ef380000, 0x00000000f5580000)
  object space 249344K, 60% used [0x00000000e0000000,0x00000000e9463ed0,0x00000000ef380000)
 Metaspace       used 92682K, capacity 98458K, committed 98560K, reserved 1134592K
  class space    used 12279K, capacity 13475K, committed 13568K, reserved 1048576K
Event: 77.026 GC heap after
Heap after GC invocations=27 (full 3):
 PSYoungGen      total 142336K, used 1875K [0x00000000f5580000, 0x00000000fff80000, 0x0000000100000000)
  eden space 112640K, 0% used [0x00000000f5580000,0x00000000f5580000,0x00000000fc380000)
  from space 29696K, 6% used [0x00000000fe100000,0x00000000fe2d4fd8,0x00000000ffe00000)
  to   space 30208K, 0% used [0x00000000fc380000,0x00000000fc380000,0x00000000fe100000)
 ParOldGen       total 249344K, used 154412K [0x00000000e0000000, 0x00000000ef380000, 0x00000000f5580000)
  object space 249344K, 61% used [0x00000000e0000000,0x00000000e96cb0a0,0x00000000ef380000)
 Metaspace       used 92682K, capacity 98458K, committed 98560K, reserved 1134592K
  class space    used 12279K, capacity 13475K, committed 13568K, reserved 1048576K
}
Event: 77.026 GC heap before
{Heap before GC invocations=28 (full 4):
 PSYoungGen      total 142336K, used 1875K [0x00000000f5580000, 0x00000000fff80000, 0x0000000100000000)
  eden space 112640K, 0% used [0x00000000f5580000,0x00000000f5580000,0x00000000fc380000)
  from space 29696K, 6% used [0x00000000fe100000,0x00000000fe2d4fd8,0x00000000ffe00000)
  to   space 30208K, 0% used [0x00000000fc380000,0x00000000fc380000,0x00000000fe100000)
 ParOldGen       total 249344K, used 154412K [0x00000000e0000000, 0x00000000ef380000, 0x00000000f5580000)
  object space 249344K, 61% used [0x00000000e0000000,0x00000000e96cb0a0,0x00000000ef380000)
 Metaspace       used 92682K, capacity 98458K, committed 98560K, reserved 1134592K
  class space    used 12279K, capacity 13475K, committed 13568K, reserved 1048576K
Event: 77.906 GC heap after
Heap after GC invocations=28 (full 4):
 PSYoungGen      total 142336K, used 0K [0x00000000f5580000, 0x00000000fff80000, 0x0000000100000000)
  eden space 112640K, 0% used [0x00000000f5580000,0x00000000f5580000,0x00000000fc380000)
  from space 29696K, 0% used [0x00000000fe100000,0x00000000fe100000,0x00000000ffe00000)
  to   space 30208K, 0% used [0x00000000fc380000,0x00000000fc380000,0x00000000fe100000)
 ParOldGen       total 349696K, used 113031K [0x00000000e0000000, 0x00000000f5580000, 0x00000000f5580000)
  object space 349696K, 32% used [0x00000000e0000000,0x00000000e6e61f40,0x00000000f5580000)
 Metaspace       used 92508K, capacity 97968K, committed 98560K, reserved 1134592K
  class space    used 12225K, capacity 13382K, committed 13568K, reserved 1048576K
}

Deoptimization events (10 events):
Event: 84.245 Thread 0x0000000018967000 Uncommon trap: reason=bimorphic action=maybe_recompile pc=0x0000000002dca354 method=java.io.DataInputStream.readChar()C @ 4
Event: 84.245 Thread 0x0000000018967000 Uncommon trap: reason=bimorphic action=maybe_recompile pc=0x0000000002dca354 method=java.io.DataInputStream.readChar()C @ 4
Event: 84.245 Thread 0x0000000018967000 Uncommon trap: reason=bimorphic action=maybe_recompile pc=0x0000000002dca354 method=java.io.DataInputStream.readChar()C @ 4
Event: 84.245 Thread 0x0000000018967000 Uncommon trap: reason=bimorphic action=maybe_recompile pc=0x0000000002dca354 method=java.io.DataInputStream.readChar()C @ 4
Event: 84.463 Thread 0x000000001d9cd800 Uncommon trap: reason=unstable_if action=reinterpret pc=0x00000000045c0ce4 method=com.google.common.collect.MapMakerInternalMap$Segment.getEntry(Ljava/lang/Object;I)Lcom/google/common/collect/MapMakerInternalMap$InternalEntry; @ 40
Event: 84.463 Thread 0x000000001d9cd800 Uncommon trap: reason=unstable_if action=reinterpret pc=0x00000000048a7080 method=com.google.common.collect.MapMakerInternalMap$Segment.put(Ljava/lang/Object;ILjava/lang/Object;Z)Ljava/lang/Object; @ 92
Event: 84.464 Thread 0x000000001d9cd800 Uncommon trap: reason=unstable_if action=reinterpret pc=0x0000000002bf6b54 method=com.google.common.collect.MapMakerInternalMap$Segment.getEntry(Ljava/lang/Object;I)Lcom/google/common/collect/MapMakerInternalMap$InternalEntry; @ 40
Event: 84.464 Thread 0x000000001d9cd800 Uncommon trap: reason=unstable_if action=reinterpret pc=0x00000000044ffbe8 method=com.google.common.collect.MapMakerInternalMap$Segment.getEntry(Ljava/lang/Object;I)Lcom/google/common/collect/MapMakerInternalMap$InternalEntry; @ 40
Event: 84.464 Thread 0x000000001d9cd800 Uncommon trap: reason=unstable_if action=reinterpret pc=0x0000000004431b28 method=com.google.common.collect.MapMakerInternalMap$Segment.getEntry(Ljava/lang/Object;I)Lcom/google/common/collect/MapMakerInternalMap$InternalEntry; @ 40
Event: 84.540 Thread 0x000000001d9cd800 Uncommon trap: reason=array_check action=maybe_recompile pc=0x0000000005b9128c method=java.util.ComparableTimSort.mergeLo(IIII)V @ 371

Classes redefined (0 events):
No events

Internal exceptions (10 events):
Event: 79.048 Thread 0x000000001d9d7000 Exception <a 'java/lang/InterruptedException'> (0x00000000f6cba018) thrown at [C:\ade\jenkins\workspace\8-2-build-windows-amd64-cygwin\jdk8u241\331\hotspot\src\share\vm\runtime\objectMonitor.cpp, line 1684]
Event: 79.100 Thread 0x000000001d9cd800 Exception <a 'java/lang/NoSuchMethodError': <clinit>> (0x00000000f6cf7460) thrown at [C:\ade\jenkins\workspace\8-2-build-windows-amd64-cygwin\jdk8u241\331\hotspot\src\share\vm\prims\jni.cpp, line 1614]
Event: 79.101 Thread 0x000000001d9cd800 Exception <a 'java/lang/NoSuchMethodError': <clinit>> (0x00000000f6d057b0) thrown at [C:\ade\jenkins\workspace\8-2-build-windows-amd64-cygwin\jdk8u241\331\hotspot\src\share\vm\prims\jni.cpp, line 1614]
Event: 79.102 Thread 0x000000001d9cd800 Exception <a 'java/lang/NoSuchMethodError': <clinit>> (0x00000000f6d19ec0) thrown at [C:\ade\jenkins\workspace\8-2-build-windows-amd64-cygwin\jdk8u241\331\hotspot\src\share\vm\prims\jni.cpp, line 1614]
Event: 79.109 Thread 0x000000001d9cd800 Exception <a 'java/lang/NoSuchMethodError': <clinit>> (0x00000000f6d5b120) thrown at [C:\ade\jenkins\workspace\8-2-build-windows-amd64-cygwin\jdk8u241\331\hotspot\src\share\vm\prims\jni.cpp, line 1614]
Event: 79.157 Thread 0x000000001d9cd800 Exception <a 'java/lang/NoSuchMethodError': <clinit>> (0x00000000f6fda1d8) thrown at [C:\ade\jenkins\workspace\8-2-build-windows-amd64-cygwin\jdk8u241\331\hotspot\src\share\vm\prims\jni.cpp, line 1614]
Event: 79.160 Thread 0x000000001d9cd800 Exception <a 'java/lang/NoSuchMethodError': <clinit>> (0x00000000f7083778) thrown at [C:\ade\jenkins\workspace\8-2-build-windows-amd64-cygwin\jdk8u241\331\hotspot\src\share\vm\prims\jni.cpp, line 1614]
Event: 84.463 Thread 0x000000001d9cd800 Implicit null exception at 0x00000000045c0644 to 0x00000000045c0cc1
Event: 84.464 Thread 0x000000001d9cd800 Implicit null exception at 0x0000000002bf64db to 0x0000000002bf6b31
Event: 84.508 Thread 0x000000001d9cd800 Exception <a 'sun/nio/fs/WindowsException'> (0x00000000f770ee48) thrown at [C:\ade\jenkins\workspace\8-2-build-windows-amd64-cygwin\jdk8u241\331\hotspot\src\share\vm\prims\jni.cpp, line 710]

Events (10 events):
Event: 84.464 Thread 0x000000001d9cd800 Uncommon trap: trap_request=0xffffff65 fr.pc=0x0000000004431b28
Event: 84.464 Thread 0x000000001d9cd800 DEOPT PACKING pc=0x0000000004431b28 sp=0x0000000024e5c1a0
Event: 84.464 Thread 0x000000001d9cd800 DEOPT UNPACKING pc=0x000000000274583b sp=0x0000000024e5c140 mode 2
Event: 84.474 loading class com/android/build/gradle/internal/dependency/ArtifactCollectionWithExtraArtifact$ExtraResolvedArtifactResult
Event: 84.474 loading class com/android/build/gradle/internal/dependency/ArtifactCollectionWithExtraArtifact$ExtraResolvedArtifactResult done
Event: 84.522 Thread 0x000000001d9cd800 DEOPT PACKING pc=0x000000000500fded sp=0x0000000024e5c2a0
Event: 84.522 Thread 0x000000001d9cd800 DEOPT UNPACKING pc=0x0000000002747890 sp=0x0000000024e5c0f8 mode 0
Event: 84.540 Thread 0x000000001d9cd800 Uncommon trap: trap_request=0xffffffd6 fr.pc=0x0000000005b9128c
Event: 84.540 Thread 0x000000001d9cd800 DEOPT PACKING pc=0x0000000005b9128c sp=0x0000000024e5c5d0
Event: 84.540 Thread 0x000000001d9cd800 DEOPT UNPACKING pc=0x000000000274583b sp=0x0000000024e5c5c0 mode 2


Dynamic libraries:
0x00007ff610e20000 - 0x00007ff610e57000 	C:\Program Files\Java\jdk1.8.0_241\bin\java.exe
0x00007ff9672c0000 - 0x00007ff9674b0000 	C:\Windows\SYSTEM32\ntdll.dll
0x00007ff9661c0000 - 0x00007ff966272000 	C:\Windows\System32\KERNEL32.DLL
0x00007ff964e50000 - 0x00007ff9650f3000 	C:\Windows\System32\KERNELBASE.dll
0x00007ff9666d0000 - 0x00007ff966773000 	C:\Windows\System32\ADVAPI32.dll
0x00007ff966780000 - 0x00007ff96681e000 	C:\Windows\System32\msvcrt.dll
0x00007ff967010000 - 0x00007ff9670a7000 	C:\Windows\System32\sechost.dll
0x00007ff9670d0000 - 0x00007ff9671f0000 	C:\Windows\System32\RPCRT4.dll
0x00007ff966e70000 - 0x00007ff967004000 	C:\Windows\System32\USER32.dll
0x00007ff965150000 - 0x00007ff965171000 	C:\Windows\System32\win32u.dll
0x00007ff965c80000 - 0x00007ff965ca6000 	C:\Windows\System32\GDI32.dll
0x00007ff964300000 - 0x00007ff964494000 	C:\Windows\System32\gdi32full.dll
0x00007ff965180000 - 0x00007ff96521e000 	C:\Windows\System32\msvcp_win.dll
0x00007ff964ca0000 - 0x00007ff964d9a000 	C:\Windows\System32\ucrtbase.dll
0x00007ff9507b0000 - 0x00007ff950a35000 	C:\Windows\WinSxS\amd64_microsoft.windows.common-controls_6595b64144ccf1df_6.0.18362.720_none_e6beb5c51314836b\COMCTL32.dll
0x00007ff966280000 - 0x00007ff9665b6000 	C:\Windows\System32\combase.dll
0x00007ff964dd0000 - 0x00007ff964e50000 	C:\Windows\System32\bcryptPrimitives.dll
0x00007ff967250000 - 0x00007ff96727e000 	C:\Windows\System32\IMM32.DLL
0x00000000689a0000 - 0x0000000068a72000 	C:\Program Files\Java\jdk1.8.0_241\jre\bin\msvcr100.dll
0x0000000064f80000 - 0x000000006582c000 	C:\Program Files\Java\jdk1.8.0_241\jre\bin\server\jvm.dll
0x00007ff9666b0000 - 0x00007ff9666b8000 	C:\Windows\System32\PSAPI.DLL
0x00007ff961ab0000 - 0x00007ff961ad4000 	C:\Windows\SYSTEM32\WINMM.dll
0x00007ff9604a0000 - 0x00007ff9604a9000 	C:\Windows\SYSTEM32\WSOCK32.dll
0x00007ff966640000 - 0x00007ff9666af000 	C:\Windows\System32\WS2_32.dll
0x00007ff961a80000 - 0x00007ff961aad000 	C:\Windows\SYSTEM32\winmmbase.dll
0x00007ff965100000 - 0x00007ff96514a000 	C:\Windows\System32\cfgmgr32.dll
0x00007ff95cf90000 - 0x00007ff95cf9a000 	C:\Windows\SYSTEM32\VERSION.dll
0x00007ff961c50000 - 0x00007ff961c5f000 	C:\Program Files\Java\jdk1.8.0_241\jre\bin\verify.dll
0x00007ff947360000 - 0x00007ff947389000 	C:\Program Files\Java\jdk1.8.0_241\jre\bin\java.dll
0x00007ff960070000 - 0x00007ff960086000 	C:\Program Files\Java\jdk1.8.0_241\jre\bin\zip.dll
0x00007ff9654b0000 - 0x00007ff965b95000 	C:\Windows\System32\SHELL32.dll
0x00007ff966880000 - 0x00007ff966929000 	C:\Windows\System32\shcore.dll
0x00007ff9644c0000 - 0x00007ff964c40000 	C:\Windows\System32\windows.storage.dll
0x00007ff964220000 - 0x00007ff964243000 	C:\Windows\System32\profapi.dll
0x00007ff9641b0000 - 0x00007ff9641fa000 	C:\Windows\System32\powrprof.dll
0x00007ff964180000 - 0x00007ff964190000 	C:\Windows\System32\UMPDC.dll
0x00007ff966820000 - 0x00007ff966872000 	C:\Windows\System32\shlwapi.dll
0x00007ff964200000 - 0x00007ff964211000 	C:\Windows\System32\kernel.appcore.dll
0x00007ff9644a0000 - 0x00007ff9644b7000 	C:\Windows\System32\cryptsp.dll
0x00007ff951f90000 - 0x00007ff951faa000 	C:\Program Files\Java\jdk1.8.0_241\jre\bin\net.dll
0x00007ff9639f0000 - 0x00007ff963a57000 	C:\Windows\system32\mswsock.dll
0x00007ff951cf0000 - 0x00007ff951d02000 	C:\Program Files\Java\jdk1.8.0_241\jre\bin\nio.dll
0x00007ff946cb0000 - 0x00007ff946cd6000 	C:\Users\AUCHAN\.gradle\native\30\windows-amd64\native-platform.dll
0x00007ff95e230000 - 0x00007ff95e23d000 	C:\Program Files\Java\jdk1.8.0_241\jre\bin\management.dll
0x00007ff963560000 - 0x00007ff963593000 	C:\Windows\system32\rsaenh.dll
0x00007ff964da0000 - 0x00007ff964dc6000 	C:\Windows\System32\bcrypt.dll
0x00007ff964070000 - 0x00007ff964095000 	C:\Windows\SYSTEM32\USERENV.dll
0x00007ff963bc0000 - 0x00007ff963bcc000 	C:\Windows\SYSTEM32\CRYPTBASE.dll
0x00007ff963700000 - 0x00007ff96373a000 	C:\Windows\SYSTEM32\IPHLPAPI.DLL
0x00007ff965ba0000 - 0x00007ff965ba8000 	C:\Windows\System32\NSI.dll
0x00007ff95a800000 - 0x00007ff95a816000 	C:\Windows\SYSTEM32\dhcpcsvc6.DLL
0x00007ff95a740000 - 0x00007ff95a75c000 	C:\Windows\SYSTEM32\dhcpcsvc.DLL
0x00007ff963740000 - 0x00007ff96380a000 	C:\Windows\SYSTEM32\DNSAPI.dll
0x00007ff945940000 - 0x00007ff945964000 	C:\Program Files\Java\jdk1.8.0_241\jre\bin\sunec.dll
0x00007ff953190000 - 0x00007ff95319a000 	C:\Windows\System32\rasadhlp.dll
0x00007ff958980000 - 0x00007ff9589f7000 	C:\Windows\System32\fwpuclnt.dll
0x00007ff95e1c0000 - 0x00007ff95e1cb000 	C:\Program Files\Java\jdk1.8.0_241\jre\bin\sunmscapi.dll
0x00007ff965220000 - 0x00007ff965369000 	C:\Windows\System32\CRYPT32.dll
0x00007ff964190000 - 0x00007ff9641a2000 	C:\Windows\System32\MSASN1.dll
0x00007ff9632f0000 - 0x00007ff963321000 	C:\Windows\SYSTEM32\ntmarta.dll
0x00007ff951ed0000 - 0x00007ff951eee000 	C:\Users\AUCHAN\AppData\Local\Temp\native-platform9118177345867298599dir\native-platform.dll

VM Arguments:
jvm_args: -XX:MaxMetaspaceSize=256m -XX:+HeapDumpOnOutOfMemoryError -Xms256m -Xmx512m -Dfile.encoding=windows-1252 -Duser.country=GB -Duser.language=en -Duser.variant 
java_command: org.gradle.launcher.daemon.bootstrap.GradleDaemon 6.0.1
java_class_path (initial): C:\Users\AUCHAN\.gradle\wrapper\dists\gradle-6.0.1-all\99d3u8wxs16ndehh90lbbir67\gradle-6.0.1\lib\gradle-launcher-6.0.1.jar
Launcher Type: SUN_STANDARD

Environment Variables:
JAVA_HOME=C:\Program Files\Java\jdk1.8.0_241
CLASSPATH=C:\Users\AUCHAN\Desktop\tageblattapp\android\\gradle\wrapper\gradle-wrapper.jar
PATH=C:\Users\AUCHAN\Desktop\tageblattapp\android\node_modules\.bin;C:\Users\AUCHAN\Desktop\tageblattapp\node_modules\.bin;C:\Users\AUCHAN\Desktop\node_modules\.bin;C:\Users\AUCHAN\node_modules\.bin;C:\Users\node_modules\.bin;C:\node_modules\.bin;C:\Program Files\nodejs;C:\Program Files (x86)\Common Files\Oracle\Java\javapath;C:\Windows\system32;C:\Windows;C:\Windows\System32\Wbem;C:\Windows\System32\WindowsPowerShell\v1.0\;C:\Windows\System32\OpenSSH\;C:\Program Files (x86)\NVIDIA Corporation\PhysX\Common;C:\Program Files\NVIDIA Corporation\NVIDIA NvDLISR;C:\Program Files\nodejs\;C:\Users\AUCHAN\AppData\Local\Android\Sdk\platform-tools;C:\Program Files\Java\jdk1.8.0_241\bin\javac.exe;C:\Gradle\gradle-6.3\bin;C:\Program Files\Microsoft VS Code\bin;C:\Program Files\Git\cmd;C:\Users\AUCHAN\AppData\Local\Microsoft\WindowsApps;C:\Users\AUCHAN\AppData\Roaming\npm;C:\Users\AUCHAN\AppData\Local\Android\Sdk;C:\Program Files\Java\jdk1.8.0_241\bin;C:\Users\AUCHAN\AppData\Local\atom\bin
USERNAME=AUCHAN
OS=Windows_NT
PROCESSOR_IDENTIFIER=Intel64 Family 6 Model 158 Stepping 10, GenuineIntel



---------------  S Y S T E M  ---------------

OS: Windows 10.0 , 64 bit Build 18362 (10.0.18362.329)

CPU:total 8 (initial active 8) (4 cores per cpu, 2 threads per core) family 6 model 158 stepping 10, cmov, cx8, fxsr, mmx, sse, sse2, sse3, ssse3, sse4.1, sse4.2, popcnt, avx, avx2, aes, clmul, erms, 3dnowpref, lzcnt, ht, tsc, tscinvbit, bmi1, bmi2, adx

Memory: 4k page, physical 8265972k(393836k free), swap 23731824k(280k free)

vm_info: Java HotSpot(TM) 64-Bit Server VM (25.241-b07) for windows-amd64 JRE (1.8.0_241-b07), built on Dec 11 2019 10:21:40 by "rejava" with MS VC++ 10.0 (VS2010)

time: Thu Apr 16 10:09:42 2020
timezone: Romance Summer Time
elapsed time: 84 seconds (0d 0h 1m 24s)

